1


        ****************************************************************
        ***                       MEDICI (TM)                        ***
        ***                   Version D-2010.03-0                    ***
        ***                   System K (PC: Linux)                   ***
        ***                 Copyright (C) 1991-2010                  ***
        ***                      Synopsys, Inc.                      ***
        ***                                                          ***
        ***   This software and the associated documentation are     ***
        ***   confidential and proprietary to Synopsys, Inc.  Your   ***
        ***   use or disclosure of this software is subject to the   ***
        ***   terms and conditions of a written license agreement    ***
        ***   between you, or your company, and Synopsys, Inc.       ***
        ***                                                          ***
        ***         MEDICI is a trademark of Synopsys, Inc.          ***
        ****************************************************************

                               8-Dec-2022 08:52:57


     Statements input from file e3_f



   1... MESH      ^DIAG.FLI
   2... X.MESH    X.MAX=7.0  H1=0.20
   3... Y.MESH    Y.MAX=5.0  H1=0.20

   4... REGION    NAME=Silicon  SILICON

   5... ELECTR    NAME=a  X.MIN=2.0 X.MAX=3.0 Y.MAX=0 Y.MIN=0
   6... ELECTR    NAME=c  X.MIN=4.0 X.MAX=5.0 Y.MAX=0 Y.MIN=0

   7... PROFILE   P-TYPE  N.PEAK=5E15  UNIF
   8... PROFILE   N-TYPE  N.PEAK=1E20 X.MIN=4.0 X.MAX=5.0 Y.JUNC=0.3 X.CHAR=0.12
   9... PROFILE   P-TYPE  N.PEAK=1E20 X.MIN=2.0 X.MAX=3.0 Y.JUNC=0.3 X.CHAR=0.12

  10... REGRID  doping log ratio=1

  11... PLOT.2D   GRID  TITLE="E1"  SCALE FILL

  12... MODELS    SRH  impact.i  CONMOB  FLDMOB AUGER

  13... SYMB      NEWTON  CARRIERS=2

  14... method autonr stack=20 itlimit=10


  15... SOLVE elec=a vstep=0.03 nstep=100

  16... plot.1d x.axis=v(a) y.axis=i(a)
  17... plot.1d x.axis=v(a) y.axis=i(a) log



 **************************** Program Configuration ****************************
 *                                                                             *
 * Programmable Device AAM  :       available for use                          *
 * Circuit Analysis AAM     :       available for use                          *
 * Lattice Temperature AAM  :       available for use                          *
 * Heterojunction Device AAM:       available for use                          *
 * Trapped Charge AAM       :       available for use                          *
 * Anisotropic Material AAM :       available for use                          *
 * Optical Device AAM       :       available for use                          *
 *                                                                             *
 * Maximum Nodes Available  :   10000                                          *
 * Configuration Parameter  :   10000                                          *
 *                                                                             *
 * Approximate Number of Nodes Available for:                                  *
 *   2-carrier solutions    :   10000                                          *
 *   2-carrier + lat. temp. :    5727                                          *
 *                                                                             *
 *******************************************************************************

 Mesh statistics (rectangular) :
     Total grid points =   936
     Total number of triangles =  1750
     Obtuse triangles in semiconductors =     0  ( 0.0%)
     Obtuse triangles in insul. & cond. =     0  ( 0.0%)

    Region     Material      X-min        X-max        Y-min        Y-max
     Name        Type      (microns)    (microns)    (microns)    (microns)
 ------------  --------    ---------    ---------    ---------    ---------
 Silicon       Silicon        0.0000       7.0000       0.0000       5.0000

  Electrode     Number       X-min        X-max        Y-min        Y-max
     Name      of Nodes    (microns)    (microns)    (microns)    (microns)
 ------------  --------    ---------    ---------    ---------    ---------
 a                 6          2.0000       3.0000       0.0000       0.0000
 c                 6          4.0000       5.0000       0.0000       0.0000

 Mesh statistics (rectangular) :
     Total grid points =  1062
     Total number of triangles =  1984
     Obtuse triangles in semiconductors =    22  ( 1.1%)
     Obtuse triangles in insul. & cond. =     0  ( 0.0%)


 Solution for Bias:

   V(a)               =  3.0000000E-02     V(c)               =  0.0000000E+00


 Initial solution

 norm   iter    v-error     n-error     p-error     iiter
  XR      1    7.8224E+00  4.1491E+00  7.8224E+00     0
  XR      2    8.1875E+00  1.3930E+00  2.9644E+00     0
  XR      3    4.0532E+00  2.1670E+00  1.9359E+00     0
  XR      4    8.0365E-01  3.7146E-01  1.0531E+00     0
  XR      5    3.3934E-02  7.5699E-02  2.5069E+00     0
  XR      6    0.0000E+00  3.2063E-04  4.3273E+00     0
  XR      7    0.0000E+00  0.0000E+00  0.0000E+00     0

   Electrode       Voltage       Flux      I(Electron)    I(Hole)     I(Total)  
      Name         (Volts)    (Coul/mic.)   (A/micron)   (A/micron)   (A/micron)
 --------------  -----------  -----------  -----------  -----------  -----------
 a                3.0000E-02  -6.9080E-17   3.9867E-21   7.2915E-16   7.2916E-16
 c                0.0000E+00   6.9153E-17  -7.2915E-16  -2.8447E-21  -7.2916E-16
 
 Absolute convergence criterion met for Poisson
 Absolute convergence criterion met for continuity
 Total cpu time for bias point =    0.01 minutes
 Total cpu time =    0.02 minutes


 Solution for Bias:

   V(a)               =  6.0000000E-02     V(c)               =  0.0000000E+00


 Previous solution used as initial guess

 norm   iter    v-error     n-error     p-error     iiter
  XR      1    0.0000E+00  3.3158E-01  5.1850E-01     0
  XR      2    0.0000E+00  1.1225E-01  2.1622E-01     0
  XR      3*   0.0000E+00  4.2964E-03  8.5426E-03     0
  XR      4*   0.0000E+00  2.9638E-04  6.1237E-04     0
  XR      5*   0.0000E+00  2.0987E-05  4.3595E-05     0
  XR      6    0.0000E+00  0.0000E+00  5.2057E-10     0

   Electrode       Voltage       Flux      I(Electron)    I(Hole)     I(Total)  
      Name         (Volts)    (Coul/mic.)   (A/micron)   (A/micron)   (A/micron)
 --------------  -----------  -----------  -----------  -----------  -----------
 a                6.0000E-02  -6.9080E-17   1.6704E-20   1.4252E-14   1.4252E-14
 c                0.0000E+00   6.9153E-17  -1.8912E-15  -1.1923E-20  -1.8912E-15
 
 Absolute convergence criterion met for Poisson
 Absolute convergence criterion met for continuity
 Total cpu time for bias point =    0.00 minutes
 Total cpu time =    0.02 minutes


 Solution for Bias:

   V(a)               =  9.0000000E-02     V(c)               =  0.0000000E+00


 Projection used to find initial guess

 norm   iter    v-error     n-error     p-error     iiter
  XR      1    0.0000E+00  4.2817E-03  1.3118E-02     0
  XR      2    0.0000E+00  4.6612E-06  6.0630E-05     0
  XR      3*   0.0000E+00  0.0000E+00  0.0000E+00     0

   Electrode       Voltage       Flux      I(Electron)    I(Hole)     I(Total)  
      Name         (Volts)    (Coul/mic.)   (A/micron)   (A/micron)   (A/micron)
 --------------  -----------  -----------  -----------  -----------  -----------
 a                9.0000E-02  -6.9080E-17   5.7276E-20   3.9348E-15   3.9349E-15
 c                0.0000E+00   6.9153E-17  -3.9348E-15  -4.0895E-20  -3.9349E-15
 
 Absolute convergence criterion met for Poisson
 Absolute convergence criterion met for continuity
 Total cpu time for bias point =    0.00 minutes
 Total cpu time =    0.02 minutes


 Solution for Bias:

   V(a)               =  1.2000000E-01     V(c)               =  0.0000000E+00


 Projection used to find initial guess

 norm   iter    v-error     n-error     p-error     iiter
  XR      1    0.0000E+00  4.6146E-03  1.4524E-02     0
  XR      2    0.0000E+00  5.2273E-06  7.6002E-05     0
  XR      3*   0.0000E+00  0.0000E+00  0.0000E+00     0

   Electrode       Voltage       Flux      I(Electron)    I(Hole)     I(Total)  
      Name         (Volts)    (Coul/mic.)   (A/micron)   (A/micron)   (A/micron)
 --------------  -----------  -----------  -----------  -----------  -----------
 a                1.2000E-01  -6.9080E-17   1.8671E-19   7.7007E-15   7.7009E-15
 c                0.0000E+00   6.9153E-17  -7.7008E-15  -1.3335E-19  -7.7009E-15
 
 Absolute convergence criterion met for Poisson
 Absolute convergence criterion met for continuity
 Total cpu time for bias point =    0.00 minutes
 Total cpu time =    0.02 minutes


 Solution for Bias:

   V(a)               =  1.5000000E-01     V(c)               =  0.0000000E+00


 Projection used to find initial guess

 norm   iter    v-error     n-error     p-error     iiter
  XR      1    0.0000E+00  4.9761E-03  1.6049E-02     0
  XR      2    0.0000E+00  6.2289E-06  9.3093E-05     0
  XR      3*   0.0000E+00  0.0000E+00  0.0000E+00     0

   Electrode       Voltage       Flux      I(Electron)    I(Hole)     I(Total)  
      Name         (Volts)    (Coul/mic.)   (A/micron)   (A/micron)   (A/micron)
 --------------  -----------  -----------  -----------  -----------  -----------
 a                1.5000E-01  -6.9080E-17   5.9961E-19   1.4828E-14   1.4828E-14
 c                0.0000E+00   6.9153E-17  -1.4828E-14  -4.2841E-19  -1.4828E-14
 
 Absolute convergence criterion met for Poisson
 Absolute convergence criterion met for continuity
 Total cpu time for bias point =    0.00 minutes
 Total cpu time =    0.02 minutes


 Solution for Bias:

   V(a)               =  1.8000000E-01     V(c)               =  0.0000000E+00


 Projection used to find initial guess

 norm   iter    v-error     n-error     p-error     iiter
  XR      1    0.0000E+00  5.3416E-03  1.7564E-02     0
  XR      2    0.0000E+00  7.8372E-06  1.0970E-04     0
  XR      3*   0.0000E+00  0.0000E+00  0.0000E+00     0

   Electrode       Voltage       Flux      I(Electron)    I(Hole)     I(Total)  
      Name         (Volts)    (Coul/mic.)   (A/micron)   (A/micron)   (A/micron)
 --------------  -----------  -----------  -----------  -----------  -----------
 a                1.8000E-01  -6.9080E-17   1.9168E-18   2.8664E-14   2.8666E-14
 c                0.0000E+00   6.9153E-17  -2.8665E-14  -1.3700E-18  -2.8666E-14
 
 Absolute convergence criterion met for Poisson
 Absolute convergence criterion met for continuity
 Total cpu time for bias point =    0.00 minutes
 Total cpu time =    0.02 minutes


 Solution for Bias:

   V(a)               =  2.1000000E-01     V(c)               =  0.0000000E+00


 Projection used to find initial guess

 norm   iter    v-error     n-error     p-error     iiter
  XR      1    0.0000E+00  6.1985E-03  1.8917E-02     0
  XR      2    0.0000E+00  1.0195E-05  1.3008E-04     0
  XR      3*   0.0000E+00  0.0000E+00  0.0000E+00     0

   Electrode       Voltage       Flux      I(Electron)    I(Hole)     I(Total)  
      Name         (Volts)    (Coul/mic.)   (A/micron)   (A/micron)   (A/micron)
 --------------  -----------  -----------  -----------  -----------  -----------
 a                2.1000E-01  -6.9080E-17   6.1187E-18   5.6460E-14   5.6466E-14
 c                0.0000E+00   6.9153E-17  -5.6462E-14  -4.3751E-18  -5.6466E-14
 
 Absolute convergence criterion met for Poisson
 Absolute convergence criterion met for continuity
 Total cpu time for bias point =    0.00 minutes
 Total cpu time =    0.02 minutes


 Solution for Bias:

   V(a)               =  2.4000000E-01     V(c)               =  0.0000000E+00


 Projection used to find initial guess

 norm   iter    v-error     n-error     p-error     iiter
  XR      1    0.0000E+00  7.9675E-03  2.2081E-02     0
  XR      2    0.0000E+00  3.6120E-05  1.9964E-04     0
  XR      3*   0.0000E+00  0.0000E+00  0.0000E+00     0

   Electrode       Voltage       Flux      I(Electron)    I(Hole)     I(Total)  
      Name         (Volts)    (Coul/mic.)   (A/micron)   (A/micron)   (A/micron)
 --------------  -----------  -----------  -----------  -----------  -----------
 a                2.4000E-01  -6.9080E-17   1.9523E-17   1.1503E-13   1.1505E-13
 c                0.0000E+00   6.9153E-17  -1.1504E-13  -1.3965E-17  -1.1505E-13
 
 Absolute convergence criterion met for Poisson
 Absolute convergence criterion met for continuity
 Total cpu time for bias point =    0.00 minutes
 Total cpu time =    0.02 minutes


 Solution for Bias:

   V(a)               =  2.7000000E-01     V(c)               =  0.0000000E+00


 Projection used to find initial guess

 norm   iter    v-error     n-error     p-error     iiter
  XR      1    0.0000E+00  9.9613E-03  2.6626E-02     0
  XR      2    0.0000E+00  7.7623E-05  2.7446E-04     0
  XR      3*   0.0000E+00  0.0000E+00  0.0000E+00     0

   Electrode       Voltage       Flux      I(Electron)    I(Hole)     I(Total)  
      Name         (Volts)    (Coul/mic.)   (A/micron)   (A/micron)   (A/micron)
 --------------  -----------  -----------  -----------  -----------  -----------
 a                2.7000E-01  -6.9080E-17   6.2279E-17   2.4628E-13   2.4635E-13
 c                0.0000E+00   6.9153E-17  -2.4630E-13  -4.4569E-17  -2.4635E-13
 
 Absolute convergence criterion met for Poisson
 Absolute convergence criterion met for continuity
 Total cpu time for bias point =    0.00 minutes
 Total cpu time =    0.02 minutes


 Solution for Bias:

   V(a)               =  3.0000000E-01     V(c)               =  0.0000000E+00


 Projection used to find initial guess

 norm   iter    v-error     n-error     p-error     iiter
  XR      1    0.0000E+00  1.1911E-02  3.0367E-02     0
  XR      2    0.0000E+00  1.1813E-04  3.2946E-04     0
  XR      3*   0.0000E+00  0.0000E+00  0.0000E+00     0

   Electrode       Voltage       Flux      I(Electron)    I(Hole)     I(Total)  
      Name         (Volts)    (Coul/mic.)   (A/micron)   (A/micron)   (A/micron)
 --------------  -----------  -----------  -----------  -----------  -----------
 a                3.0000E-01  -6.9080E-17   1.9866E-16   5.6177E-13   5.6197E-13
 c                0.0000E+00   6.9153E-17  -5.6183E-13  -1.4224E-16  -5.6197E-13
 
 Absolute convergence criterion met for Poisson
 Absolute convergence criterion met for continuity
 Total cpu time for bias point =    0.00 minutes
 Total cpu time =    0.02 minutes


 Solution for Bias:

   V(a)               =  3.3000000E-01     V(c)               =  0.0000000E+00


 Projection used to find initial guess

 norm   iter    v-error     n-error     p-error     iiter
  XR      1    0.0000E+00  1.3441E-02  3.2522E-02     0
  XR      2    0.0000E+00  1.6210E-04  3.4134E-04     0
  XR      3*   0.0000E+00  0.0000E+00  0.0000E+00     0

   Electrode       Voltage       Flux      I(Electron)    I(Hole)     I(Total)  
      Name         (Volts)    (Coul/mic.)   (A/micron)   (A/micron)   (A/micron)
 --------------  -----------  -----------  -----------  -----------  -----------
 a                3.3000E-01  -6.9080E-17   6.3366E-16   1.3751E-12   1.3758E-12
 c                0.0000E+00   6.9153E-17  -1.3753E-12  -4.5392E-16  -1.3758E-12
 
 Absolute convergence criterion met for Poisson
 Absolute convergence criterion met for continuity
 Total cpu time for bias point =    0.00 minutes
 Total cpu time =    0.02 minutes


 Solution for Bias:

   V(a)               =  3.6000000E-01     V(c)               =  0.0000000E+00


 Projection used to find initial guess

 norm   iter    v-error     n-error     p-error     iiter
  XR      1    0.0000E+00  1.4116E-02  3.3982E-02     0
  XR      2    0.0000E+00  1.9758E-04  3.9715E-04     0
  XR      3*   0.0000E+00  0.0000E+00  0.0000E+00     0

   Electrode       Voltage       Flux      I(Electron)    I(Hole)     I(Total)  
      Name         (Volts)    (Coul/mic.)   (A/micron)   (A/micron)   (A/micron)
 --------------  -----------  -----------  -----------  -----------  -----------
 a                3.6000E-01  -6.9080E-17   2.0211E-15   3.6049E-12   3.6070E-12
 c                0.0000E+00   6.9153E-17  -3.6055E-12  -1.4486E-15  -3.6070E-12
 
 Absolute convergence criterion met for Poisson
 Absolute convergence criterion met for continuity
 Total cpu time for bias point =    0.00 minutes
 Total cpu time =    0.02 minutes


 Solution for Bias:

   V(a)               =  3.9000000E-01     V(c)               =  0.0000000E+00


 Projection used to find initial guess

 norm   iter    v-error     n-error     p-error     iiter
  XR      1    0.0000E+00  1.3502E-02  3.7294E-02     0
  XR      2    0.0000E+00  2.1079E-04  5.3485E-04     0
  XR      3*   0.0000E+00  0.0000E+00  0.0000E+00     0

   Electrode       Voltage       Flux      I(Electron)    I(Hole)     I(Total)  
      Name         (Volts)    (Coul/mic.)   (A/micron)   (A/micron)   (A/micron)
 --------------  -----------  -----------  -----------  -----------  -----------
 a                3.9000E-01  -6.9080E-17   6.4459E-15   1.0020E-11   1.0027E-11
 c                0.0000E+00   6.9153E-17  -1.0022E-11  -4.6228E-15  -1.0027E-11
 
 Absolute convergence criterion met for Poisson
 Absolute convergence criterion met for continuity
 Total cpu time for bias point =    0.00 minutes
 Total cpu time =    0.02 minutes


 Solution for Bias:

   V(a)               =  4.2000000E-01     V(c)               =  0.0000000E+00


 Projection used to find initial guess

 norm   iter    v-error     n-error     p-error     iiter
  XR      1    0.0000E+00  1.1316E-02  4.5002E-02     0
  XR      2    0.0000E+00  1.9233E-04  7.2396E-04     0
  XR      3*   0.0000E+00  0.0000E+00  0.0000E+00     0

   Electrode       Voltage       Flux      I(Electron)    I(Hole)     I(Total)  
      Name         (Volts)    (Coul/mic.)   (A/micron)   (A/micron)   (A/micron)
 --------------  -----------  -----------  -----------  -----------  -----------
 a                4.2000E-01  -6.9080E-17   2.0557E-14   2.9130E-11   2.9150E-11
 c                0.0000E+00   6.9153E-17  -2.9136E-11  -1.4752E-14  -2.9150E-11
 
 Absolute convergence criterion met for Poisson
 Absolute convergence criterion met for continuity
 Total cpu time for bias point =    0.00 minutes
 Total cpu time =    0.02 minutes


 Solution for Bias:

   V(a)               =  4.5000000E-01     V(c)               =  0.0000000E+00


 Projection used to find initial guess

 norm   iter    v-error     n-error     p-error     iiter
  XR      1    0.0000E+00  8.8316E-03  4.8537E-02     0
  XR      2    0.0000E+00  1.9390E-04  7.4862E-04     0
  XR      3*   0.0000E+00  0.0000E+00  0.0000E+00     0

   Electrode       Voltage       Flux      I(Electron)    I(Hole)     I(Total)  
      Name         (Volts)    (Coul/mic.)   (A/micron)   (A/micron)   (A/micron)
 --------------  -----------  -----------  -----------  -----------  -----------
 a                4.5000E-01  -6.9080E-17   6.5559E-14   8.7396E-11   8.7462E-11
 c                0.0000E+00   6.9153E-17  -8.7415E-11  -4.7077E-14  -8.7462E-11
 
 Absolute convergence criterion met for Poisson
 Absolute convergence criterion met for continuity
 Total cpu time for bias point =    0.00 minutes
 Total cpu time =    0.03 minutes


 Solution for Bias:

   V(a)               =  4.8000000E-01     V(c)               =  0.0000000E+00


 Projection used to find initial guess

 norm   iter    v-error     n-error     p-error     iiter
  XR      1    0.0000E+00  8.3518E-03  4.6591E-02     0
  XR      2    0.0000E+00  1.8715E-04  6.0851E-04     0
  XR      3*   0.0000E+00  0.0000E+00  0.0000E+00     0

   Electrode       Voltage       Flux      I(Electron)    I(Hole)     I(Total)  
      Name         (Volts)    (Coul/mic.)   (A/micron)   (A/micron)   (A/micron)
 --------------  -----------  -----------  -----------  -----------  -----------
 a                4.8000E-01  -6.9080E-17   2.0906E-13   2.6761E-10   2.6782E-10
 c                0.0000E+00   6.9153E-17  -2.6767E-10  -1.5022E-13  -2.6782E-10
 
 Absolute convergence criterion met for Poisson
 Absolute convergence criterion met for continuity
 Total cpu time for bias point =    0.00 minutes
 Total cpu time =    0.03 minutes


 Solution for Bias:

   V(a)               =  5.1000000E-01     V(c)               =  0.0000000E+00


 Projection used to find initial guess

 norm   iter    v-error     n-error     p-error     iiter
  XR      1    0.0000E+00  1.1394E-02  4.0090E-02     0
  XR      2    0.0000E+00  1.5683E-04  4.0528E-04     0
  XR      3*   0.0000E+00  0.0000E+00  0.0000E+00     0

   Electrode       Voltage       Flux      I(Electron)    I(Hole)     I(Total)  
      Name         (Volts)    (Coul/mic.)   (A/micron)   (A/micron)   (A/micron)
 --------------  -----------  -----------  -----------  -----------  -----------
 a                5.1000E-01  -6.9080E-17   6.6667E-13   8.2839E-10   8.2905E-10
 c                0.0000E+00   6.9153E-17  -8.2857E-10  -4.7926E-13  -8.2905E-10
 
 Absolute convergence criterion met for Poisson
 Absolute convergence criterion met for continuity
 Total cpu time for bias point =    0.00 minutes
 Total cpu time =    0.03 minutes


 Solution for Bias:

   V(a)               =  5.4000000E-01     V(c)               =  0.0000000E+00


 Projection used to find initial guess

 norm   iter    v-error     n-error     p-error     iiter
  XR      1    0.0000E+00  1.6065E-02  2.9984E-02     0
  XR      2    0.0000E+00  1.3151E-04  2.1624E-04     0
  XR      3*   0.0000E+00  0.0000E+00  0.0000E+00     0

   Electrode       Voltage       Flux      I(Electron)    I(Hole)     I(Total)  
      Name         (Volts)    (Coul/mic.)   (A/micron)   (A/micron)   (A/micron)
 --------------  -----------  -----------  -----------  -----------  -----------
 a                5.4000E-01  -6.9080E-17   2.1260E-12   2.5637E-09   2.5658E-09
 c                0.0000E+00   6.9153E-17  -2.5643E-09  -1.5282E-12  -2.5658E-09
 
 Absolute convergence criterion met for Poisson
 Absolute convergence criterion met for continuity
 Total cpu time for bias point =    0.00 minutes
 Total cpu time =    0.03 minutes


 Solution for Bias:

   V(a)               =  5.7000000E-01     V(c)               =  0.0000000E+00


 Projection used to find initial guess

 norm   iter    v-error     n-error     p-error     iiter
  XR      1    0.0000E+00  1.6244E-02  1.5918E-02     0
  XR      2    0.0000E+00  1.0787E-04  7.0445E-05     0
  XR      3*   0.0000E+00  0.0000E+00  0.0000E+00     0

   Electrode       Voltage       Flux      I(Electron)    I(Hole)     I(Total)  
      Name         (Volts)    (Coul/mic.)   (A/micron)   (A/micron)   (A/micron)
 --------------  -----------  -----------  -----------  -----------  -----------
 a                5.7000E-01  -6.9080E-17   6.7823E-12   7.7707E-09   7.7775E-09
 c                0.0000E+00   6.9153E-17  -7.7726E-09  -4.8659E-12  -7.7775E-09
 
 Absolute convergence criterion met for Poisson
 Absolute convergence criterion met for continuity
 Total cpu time for bias point =    0.00 minutes
 Total cpu time =    0.03 minutes


 Solution for Bias:

   V(a)               =  6.0000000E-01     V(c)               =  0.0000000E+00


 Projection used to find initial guess

 norm   iter    v-error     n-error     p-error     iiter
  XR      1    0.0000E+00  9.2339E-03  3.4109E-02     0
  XR      2    0.0000E+00  1.2000E-04  1.4606E-04     0
  XR      3*   0.0000E+00  2.9655E-08  2.8192E-08     0

   Electrode       Voltage       Flux      I(Electron)    I(Hole)     I(Total)  
      Name         (Volts)    (Coul/mic.)   (A/micron)   (A/micron)   (A/micron)
 --------------  -----------  -----------  -----------  -----------  -----------
 a                6.0000E-01  -6.9080E-17   2.1661E-11   2.2083E-08   2.2104E-08
 c                0.0000E+00   6.9153E-17  -2.2089E-08  -1.5442E-11  -2.2104E-08
 
 Absolute convergence criterion met for Poisson
 Absolute convergence criterion met for continuity
 Total cpu time for bias point =    0.00 minutes
 Total cpu time =    0.03 minutes


 Solution for Bias:

   V(a)               =  6.3000000E-01     V(c)               =  0.0000000E+00


 Projection used to find initial guess

 norm   iter    v-error     n-error     p-error     iiter
  XR      1    0.0000E+00  1.6326E-02  6.6084E-02     0
  XR      2    0.0000E+00  1.0416E-03  1.0455E-03     0
  XR      3*   0.0000E+00  7.9260E-07  7.9168E-07     0

   Electrode       Voltage       Flux      I(Electron)    I(Hole)     I(Total)  
      Name         (Volts)    (Coul/mic.)   (A/micron)   (A/micron)   (A/micron)
 --------------  -----------  -----------  -----------  -----------  -----------
 a                6.3000E-01  -6.9080E-17   6.9317E-11   5.5185E-08   5.5254E-08
 c                0.0000E+00   6.9153E-17  -5.5205E-08  -4.8774E-11  -5.5254E-08
 
 Absolute convergence criterion met for Poisson
 Absolute convergence criterion met for continuity
 Total cpu time for bias point =    0.00 minutes
 Total cpu time =    0.03 minutes


 Solution for Bias:

   V(a)               =  6.6000000E-01     V(c)               =  0.0000000E+00


 Projection used to find initial guess

 norm   iter    v-error     n-error     p-error     iiter
  XR      1    0.0000E+00  4.0040E-02  8.3234E-02     0
  XR      2    0.0000E+00  3.2045E-03  3.2046E-03     0
  XR      3*   0.0000E+00  2.6594E-06  2.6593E-06     0

   Electrode       Voltage       Flux      I(Electron)    I(Hole)     I(Total)  
      Name         (Volts)    (Coul/mic.)   (A/micron)   (A/micron)   (A/micron)
 --------------  -----------  -----------  -----------  -----------  -----------
 a                6.6000E-01  -6.9080E-17   2.2212E-10   1.1820E-07   1.1843E-07
 c                0.0000E+00   6.9153E-17  -1.1827E-07  -1.5370E-10  -1.1843E-07
 
 Absolute convergence criterion met for Poisson
 Absolute convergence criterion met for continuity
 Total cpu time for bias point =    0.00 minutes
 Total cpu time =    0.03 minutes


 Solution for Bias:

   V(a)               =  6.9000000E-01     V(c)               =  0.0000000E+00


 Projection used to find initial guess

 norm   iter    v-error     n-error     p-error     iiter
  XR      1    0.0000E+00  5.4411E-02  7.9989E-02     0
  XR      2    0.0000E+00  4.1178E-03  4.1275E-03     0
  XR      3*   0.0000E+00  2.6956E-06  2.1754E-06     0

   Electrode       Voltage       Flux      I(Electron)    I(Hole)     I(Total)  
      Name         (Volts)    (Coul/mic.)   (A/micron)   (A/micron)   (A/micron)
 --------------  -----------  -----------  -----------  -----------  -----------
 a                6.9000E-01  -6.9079E-17   7.1138E-10   2.2755E-07   2.2826E-07
 c                0.0000E+00   6.9153E-17  -2.2778E-07  -4.8522E-10  -2.2826E-07
 
 Absolute convergence criterion met for Poisson
 Absolute convergence criterion met for continuity
 Total cpu time for bias point =    0.00 minutes
 Total cpu time =    0.03 minutes


 Solution for Bias:

   V(a)               =  7.2000000E-01     V(c)               =  0.0000000E+00


 Projection used to find initial guess

 norm   iter    v-error     n-error     p-error     iiter
  XR      1    0.0000E+00  5.6869E-02  7.3781E-02     0
  XR      2    0.0000E+00  3.3320E-03  3.3910E-03     0
  XR      3*   0.0000E+00  2.1762E-06  1.5887E-06     0

   Electrode       Voltage       Flux      I(Electron)    I(Hole)     I(Total)  
      Name         (Volts)    (Coul/mic.)   (A/micron)   (A/micron)   (A/micron)
 --------------  -----------  -----------  -----------  -----------  -----------
 a                7.2000E-01  -6.9079E-17   2.2751E-09   4.1756E-07   4.1984E-07
 c                0.0000E+00   6.9152E-17  -4.1830E-07  -1.5362E-09  -4.1984E-07
 
 Absolute convergence criterion met for Poisson
 Absolute convergence criterion met for continuity
 Total cpu time for bias point =    0.00 minutes
 Total cpu time =    0.03 minutes


 Solution for Bias:

   V(a)               =  7.5000000E-01     V(c)               =  0.0000000E+00


 Projection used to find initial guess

 norm   iter    v-error     n-error     p-error     iiter
  XR      1    0.0000E+00  5.2759E-02  7.6729E-02     0
  XR      2    0.0000E+00  3.1945E-03  3.3166E-03     0
  XR      3*   0.0000E+00  2.4448E-06  2.0013E-06     0

   Electrode       Voltage       Flux      I(Electron)    I(Hole)     I(Total)  
      Name         (Volts)    (Coul/mic.)   (A/micron)   (A/micron)   (A/micron)
 --------------  -----------  -----------  -----------  -----------  -----------
 a                7.5000E-01  -6.9077E-17   7.2664E-09   7.5399E-07   7.6126E-07
 c                0.0000E+00   6.9151E-17  -7.5638E-07  -4.8727E-09  -7.6126E-07
 
 Absolute convergence criterion met for Poisson
 Absolute convergence criterion met for continuity
 Total cpu time for bias point =    0.00 minutes
 Total cpu time =    0.03 minutes


 Solution for Bias:

   V(a)               =  7.8000000E-01     V(c)               =  0.0000000E+00


 Projection used to find initial guess

 norm   iter    v-error     n-error     p-error     iiter
  XR      1    0.0000E+00  6.7864E-02  7.0027E-02     0
  XR      2    0.0000E+00  3.3126E-03  3.3756E-03     0
  XR      3*   0.0000E+00  1.6304E-06  1.5060E-06     0

   Electrode       Voltage       Flux      I(Electron)    I(Hole)     I(Total)  
      Name         (Volts)    (Coul/mic.)   (A/micron)   (A/micron)   (A/micron)
 --------------  -----------  -----------  -----------  -----------  -----------
 a                7.8000E-01  -6.9074E-17   2.3181E-08   1.3567E-06   1.3799E-06
 c                0.0000E+00   6.9149E-17  -1.3644E-06  -1.5466E-08  -1.3799E-06
 
 Absolute convergence criterion met for Poisson
 Absolute convergence criterion met for continuity
 Total cpu time for bias point =    0.00 minutes
 Total cpu time =    0.03 minutes


 Solution for Bias:

   V(a)               =  8.1000000E-01     V(c)               =  0.0000000E+00


 Projection used to find initial guess

 norm   iter    v-error     n-error     p-error     iiter
  XR      1    0.0000E+00  7.5661E-02  7.9367E-02     0
  XR      2    0.0000E+00  3.1366E-03  3.1771E-03     0
  XR      3*   0.0000E+00  2.6251E-06  2.3817E-06     0

   Electrode       Voltage       Flux      I(Electron)    I(Hole)     I(Total)  
      Name         (Volts)    (Coul/mic.)   (A/micron)   (A/micron)   (A/micron)
 --------------  -----------  -----------  -----------  -----------  -----------
 a                8.1000E-01  -6.9069E-17   7.3862E-08   2.4455E-06   2.5194E-06
 c                0.0000E+00   6.9145E-17  -2.4703E-06  -4.9069E-08  -2.5194E-06
 
 Absolute convergence criterion met for Poisson
 Absolute convergence criterion met for continuity
 Total cpu time for bias point =    0.00 minutes
 Total cpu time =    0.03 minutes


 Solution for Bias:

   V(a)               =  8.4000000E-01     V(c)               =  0.0000000E+00


 Projection used to find initial guess

 norm   iter    v-error     n-error     p-error     iiter
  XR      1    0.0000E+00  6.7186E-02  7.9199E-02     0
  XR      2    0.0000E+00  3.1063E-03  3.1179E-03     0
  XR      3*   0.0000E+00  2.1206E-06  2.0565E-06     0

   Electrode       Voltage       Flux      I(Electron)    I(Hole)     I(Total)  
      Name         (Volts)    (Coul/mic.)   (A/micron)   (A/micron)   (A/micron)
 --------------  -----------  -----------  -----------  -----------  -----------
 a                8.4000E-01  -6.9057E-17   2.3494E-07   4.4352E-06   4.6702E-06
 c                0.0000E+00   6.9135E-17  -4.5147E-06  -1.5544E-07  -4.6702E-06
 
 Absolute convergence criterion met for Poisson
 Absolute convergence criterion met for continuity
 Total cpu time for bias point =    0.00 minutes
 Total cpu time =    0.03 minutes


 Solution for Bias:

   V(a)               =  8.7000000E-01     V(c)               =  0.0000000E+00


 Projection used to find initial guess

 norm   iter    v-error     n-error     p-error     iiter
  XR      1    0.0000E+00  7.9744E-02  8.0215E-02     0
  XR      2    0.0000E+00  3.4649E-03  3.4770E-03     0
  XR      3*   0.0000E+00  2.6820E-06  2.6038E-06     0

   Electrode       Voltage       Flux      I(Electron)    I(Hole)     I(Total)  
      Name         (Volts)    (Coul/mic.)   (A/micron)   (A/micron)   (A/micron)
 --------------  -----------  -----------  -----------  -----------  -----------
 a                8.7000E-01  -6.9029E-17   7.4513E-07   8.1430E-06   8.8881E-06
 c                0.0000E+00   6.9112E-17  -8.3974E-06  -4.9073E-07  -8.8881E-06
 
 Absolute convergence criterion met for Poisson
 Absolute convergence criterion met for continuity
 Total cpu time for bias point =    0.00 minutes
 Total cpu time =    0.03 minutes


 Solution for Bias:

   V(a)               =  9.0000000E-01     V(c)               =  0.0000000E+00


 Projection used to find initial guess

 norm   iter    v-error     n-error     p-error     iiter
  XR      1    0.0000E+00  7.5500E-02  7.5200E-02     0
  XR      2    0.0000E+00  3.4292E-03  3.4357E-03     0
  XR      3*   0.0000E+00  2.0427E-06  2.0156E-06     0

   Electrode       Voltage       Flux      I(Electron)    I(Hole)     I(Total)  
      Name         (Volts)    (Coul/mic.)   (A/micron)   (A/micron)   (A/micron)
 --------------  -----------  -----------  -----------  -----------  -----------
 a                9.0000E-01  -6.8959E-17   2.3503E-06   1.5294E-05   1.7644E-05
 c                0.0000E+00   6.9051E-17  -1.6106E-05  -1.5386E-06  -1.7644E-05
 
 Absolute convergence criterion met for Poisson
 Absolute convergence criterion met for continuity
 Total cpu time for bias point =    0.00 minutes
 Total cpu time =    0.03 minutes


 Solution for Bias:

   V(a)               =  9.3000000E-01     V(c)               =  0.0000000E+00


 Projection used to find initial guess

 norm   iter    v-error     n-error     p-error     iiter
  XR      1    0.0000E+00  7.3791E-02  7.5076E-02     0
  XR      2    0.0000E+00  3.5152E-03  3.5206E-03     0
  XR      3*   0.0000E+00  2.2376E-06  2.2250E-06     0

   Electrode       Voltage       Flux      I(Electron)    I(Hole)     I(Total)  
      Name         (Volts)    (Coul/mic.)   (A/micron)   (A/micron)   (A/micron)
 --------------  -----------  -----------  -----------  -----------  -----------
 a                9.3000E-01  -6.8773E-17   7.3337E-06   2.9929E-05   3.7262E-05
 c                0.0000E+00   6.8885E-17  -3.2504E-05  -4.7581E-06  -3.7262E-05
 
 Absolute convergence criterion met for Poisson
 Absolute convergence criterion met for continuity
 Total cpu time for bias point =    0.00 minutes
 Total cpu time =    0.03 minutes


 Solution for Bias:

   V(a)               =  9.6000000E-01     V(c)               =  0.0000000E+00


 Projection used to find initial guess

 norm   iter    v-error     n-error     p-error     iiter
  XR      1    0.0000E+00  6.9945E-02  7.1604E-02     0
  XR      2    0.0000E+00  3.6014E-03  3.6033E-03     0
  XR      3*   0.0000E+00  1.5022E-06  1.4949E-06     0

   Electrode       Voltage       Flux      I(Electron)    I(Hole)     I(Total)  
      Name         (Volts)    (Coul/mic.)   (A/micron)   (A/micron)   (A/micron)
 --------------  -----------  -----------  -----------  -----------  -----------
 a                9.6000E-01  -6.8265E-17   2.2398E-05   6.2737E-05   8.5135E-05
 c                0.0000E+00   6.8430E-17  -7.0820E-05  -1.4316E-05  -8.5135E-05
 
 Absolute convergence criterion met for Poisson
 Absolute convergence criterion met for continuity
 Total cpu time for bias point =    0.00 minutes
 Total cpu time =    0.03 minutes


 Solution for Bias:

   V(a)               =  9.9000000E-01     V(c)               =  0.0000000E+00


 Projection used to find initial guess

 norm   iter    v-error     n-error     p-error     iiter
  XR      1    0.0000E+00  6.6113E-02  6.8655E-02     0
  XR      2    0.0000E+00  3.2650E-03  3.2642E-03     0
  XR      3*   0.0000E+00  1.1767E-06  1.1716E-06     0

   Electrode       Voltage       Flux      I(Electron)    I(Hole)     I(Total)  
      Name         (Volts)    (Coul/mic.)   (A/micron)   (A/micron)   (A/micron)
 --------------  -----------  -----------  -----------  -----------  -----------
 a                9.9000E-01  -6.6938E-17   6.5499E-05   1.4375E-04   2.0925E-04
 c                0.0000E+00   6.7253E-17  -1.6848E-04  -4.0774E-05  -2.0925E-04
 
 Absolute convergence criterion met for Poisson
 Absolute convergence criterion met for continuity
 Total cpu time for bias point =    0.00 minutes
 Total cpu time =    0.03 minutes


 Solution for Bias:

   V(a)               =  1.0200000E+00     V(c)               =  0.0000000E+00


 Projection used to find initial guess

 norm   iter    v-error     n-error     p-error     iiter
  XR      1    0.0000E+00  6.2449E-02  6.4082E-02     0
  XR      2    0.0000E+00  3.3707E-03  3.3693E-03     0
  XR      3*   0.0000E+00  1.4624E-06  1.4691E-06     0

   Electrode       Voltage       Flux      I(Electron)    I(Hole)     I(Total)  
      Name         (Volts)    (Coul/mic.)   (A/micron)   (A/micron)   (A/micron)
 --------------  -----------  -----------  -----------  -----------  -----------
 a                1.0200E+00  -6.3936E-17   1.7660E-04   3.4740E-04   5.2400E-04
 c                0.0000E+00   6.4654E-17  -4.1870E-04  -1.0530E-04  -5.2400E-04
 
 Absolute convergence criterion met for Poisson
 Absolute convergence criterion met for continuity
 Total cpu time for bias point =    0.00 minutes
 Total cpu time =    0.03 minutes


 Solution for Bias:

   V(a)               =  1.0500000E+00     V(c)               =  0.0000000E+00


 Projection used to find initial guess

 norm   iter    v-error     n-error     p-error     iiter
  XR      1    0.0000E+00  6.0720E-02  6.2464E-02     0
  XR      2    0.0000E+00  2.7990E-03  2.7973E-03     0
  XR      3*   0.0000E+00  3.4745E-06  3.4709E-06     0

   Electrode       Voltage       Flux      I(Electron)    I(Hole)     I(Total)  
      Name         (Volts)    (Coul/mic.)   (A/micron)   (A/micron)   (A/micron)
 --------------  -----------  -----------  -----------  -----------  -----------
 a                1.0500E+00  -5.8605E-17   4.2253E-04   8.0077E-04   1.2233E-03
 c                0.0000E+00   6.0127E-17  -9.8516E-04  -2.3814E-04  -1.2233E-03
 
 Absolute convergence criterion met for Poisson
 Absolute convergence criterion met for continuity
 Total cpu time for bias point =    0.00 minutes
 Total cpu time =    0.03 minutes


 Solution for Bias:

   V(a)               =  1.0800000E+00     V(c)               =  0.0000000E+00


 Projection used to find initial guess

 norm   iter    v-error     n-error     p-error     iiter
  XR      1    1.6986E-02  5.6389E-02  5.5261E-02     0
  XR      2    0.0000E+00  2.6077E-03  2.6077E-03     0
  XR      3*   0.0000E+00  7.9713E-06  7.9713E-06     0

   Electrode       Voltage       Flux      I(Electron)    I(Hole)     I(Total)  
      Name         (Volts)    (Coul/mic.)   (A/micron)   (A/micron)   (A/micron)
 --------------  -----------  -----------  -----------  -----------  -----------
 a                1.0800E+00  -5.1224E-17   8.8750E-04   1.6344E-03   2.5219E-03
 c                0.0000E+00   5.3822E-17  -2.0489E-03  -4.7299E-04  -2.5219E-03
 
 Absolute convergence criterion met for Poisson
 Absolute convergence criterion met for continuity
 Total cpu time for bias point =    0.00 minutes
 Total cpu time =    0.03 minutes


 Solution for Bias:

   V(a)               =  1.1100000E+00     V(c)               =  0.0000000E+00


 Projection used to find initial guess

 norm   iter    v-error     n-error     p-error     iiter
  XR      1    2.1919E-02  4.4384E-02  4.1658E-02     0
  XR      2    0.0000E+00  1.9907E-03  1.9907E-03     0
  XR      3*   0.0000E+00  5.5412E-06  5.5412E-06     0

   Electrode       Voltage       Flux      I(Electron)    I(Hole)     I(Total)  
      Name         (Volts)    (Coul/mic.)   (A/micron)   (A/micron)   (A/micron)
 --------------  -----------  -----------  -----------  -----------  -----------
 a                1.1100E+00  -4.2626E-17   1.6604E-03   2.9359E-03   4.5963E-03
 c                0.0000E+00   4.6269E-17  -3.7495E-03  -8.4679E-04  -4.5963E-03
 
 Absolute convergence criterion met for Poisson
 Absolute convergence criterion met for continuity
 Total cpu time for bias point =    0.00 minutes
 Total cpu time =    0.03 minutes


 Solution for Bias:

   V(a)               =  1.1400000E+00     V(c)               =  0.0000000E+00


 Projection used to find initial guess

 norm   iter    v-error     n-error     p-error     iiter
  XR      1    2.1986E-02  3.5168E-02  3.1000E-02     0
  XR      2    0.0000E+00  1.1804E-03  1.1804E-03     0
  XR      3*   0.0000E+00  2.1921E-06  2.1921E-06     0

   Electrode       Voltage       Flux      I(Electron)    I(Hole)     I(Total)  
      Name         (Volts)    (Coul/mic.)   (A/micron)   (A/micron)   (A/micron)
 --------------  -----------  -----------  -----------  -----------  -----------
 a                1.1400E+00  -3.3532E-17   2.8240E-03   4.7514E-03   7.5754E-03
 c                0.0000E+00   3.7968E-17  -6.1761E-03  -1.3993E-03  -7.5754E-03
 
 Absolute convergence criterion met for Poisson
 Absolute convergence criterion met for continuity
 Total cpu time for bias point =    0.00 minutes
 Total cpu time =    0.04 minutes


 Solution for Bias:

   V(a)               =  1.1700000E+00     V(c)               =  0.0000000E+00


 Projection used to find initial guess

 norm   iter    v-error     n-error     p-error     iiter
  XR      1    2.1660E-02  2.7286E-02  2.4718E-02     0
  XR      2    0.0000E+00  6.8617E-04  6.8617E-04     0
  XR      3*   0.0000E+00  8.2089E-07  8.2089E-07     0

   Electrode       Voltage       Flux      I(Electron)    I(Hole)     I(Total)  
      Name         (Volts)    (Coul/mic.)   (A/micron)   (A/micron)   (A/micron)
 --------------  -----------  -----------  -----------  -----------  -----------
 a                1.1700E+00  -2.4386E-17   4.4447E-03   7.0893E-03   1.1534E-02
 c                0.0000E+00   2.9304E-17  -9.3682E-03  -2.1657E-03  -1.1534E-02
 
 Absolute convergence criterion met for Poisson
 Absolute convergence criterion met for continuity
 Total cpu time for bias point =    0.00 minutes
 Total cpu time =    0.04 minutes


 Solution for Bias:

   V(a)               =  1.2000000E+00     V(c)               =  0.0000000E+00


 Projection used to find initial guess

 norm   iter    v-error     n-error     p-error     iiter
  XR      1    2.1257E-02  2.1635E-02  1.9731E-02     0
  XR      2    0.0000E+00  3.9936E-04  3.9936E-04     0
  XR      3*   0.0000E+00  3.1135E-07  3.1135E-07     0

   Electrode       Voltage       Flux      I(Electron)    I(Hole)     I(Total)  
      Name         (Volts)    (Coul/mic.)   (A/micron)   (A/micron)   (A/micron)
 --------------  -----------  -----------  -----------  -----------  -----------
 a                1.2000E+00  -1.5405E-17   6.5634E-03   9.9350E-03   1.6498E-02
 c                0.0000E+00   2.0515E-17  -1.3324E-02  -3.1742E-03  -1.6498E-02
 
 Absolute convergence criterion met for Poisson
 Absolute convergence criterion met for continuity
 Total cpu time for bias point =    0.00 minutes
 Total cpu time =    0.04 minutes


 Solution for Bias:

   V(a)               =  1.2300000E+00     V(c)               =  0.0000000E+00


 Projection used to find initial guess

 norm   iter    v-error     n-error     p-error     iiter
  XR      1    1.8895E-02  1.7704E-02  1.6210E-02     0
  XR      2    0.0000E+00  2.4637E-04  2.4637E-04     0
  XR      3*   0.0000E+00  1.5171E-07  1.5172E-07     0

   Electrode       Voltage       Flux      I(Electron)    I(Hole)     I(Total)  
      Name         (Volts)    (Coul/mic.)   (A/micron)   (A/micron)   (A/micron)
 --------------  -----------  -----------  -----------  -----------  -----------
 a                1.2300E+00  -6.6850E-18   9.1943E-03   1.3247E-02   2.2441E-02
 c                0.0000E+00   1.1753E-17  -1.8001E-02  -4.4397E-03  -2.2441E-02
 
 Absolute convergence criterion met for Poisson
 Absolute convergence criterion met for continuity
 Total cpu time for bias point =    0.00 minutes
 Total cpu time =    0.04 minutes


 Solution for Bias:

   V(a)               =  1.2600000E+00     V(c)               =  0.0000000E+00


 Projection used to find initial guess

 norm   iter    v-error     n-error     p-error     iiter
  XR      1    1.4561E-02  1.4702E-02  1.3194E-02     0
  XR      2    0.0000E+00  1.6049E-04  1.6049E-04     0
  XR      3*   0.0000E+00  5.5312E-08  5.5312E-08     0

   Electrode       Voltage       Flux      I(Electron)    I(Hole)     I(Total)  
      Name         (Volts)    (Coul/mic.)   (A/micron)   (A/micron)   (A/micron)
 --------------  -----------  -----------  -----------  -----------  -----------
 a                1.2600E+00   1.7565E-18   1.2328E-02   1.6962E-02   2.9291E-02
 c                0.0000E+00   3.0989E-18  -2.3330E-02  -5.9605E-03  -2.9291E-02
 
 Absolute convergence criterion met for Poisson
 Absolute convergence criterion met for continuity
 Total cpu time for bias point =    0.00 minutes
 Total cpu time =    0.04 minutes


 Solution for Bias:

   V(a)               =  1.2900000E+00     V(c)               =  0.0000000E+00


 Projection used to find initial guess

 norm   iter    v-error     n-error     p-error     iiter
  XR      1    0.0000E+00  1.2104E-02  1.0993E-02     0
  XR      2    0.0000E+00  1.0668E-04  1.0668E-04     0
  XR      3*   0.0000E+00  2.4296E-08  2.4296E-08     0

   Electrode       Voltage       Flux      I(Electron)    I(Hole)     I(Total)  
      Name         (Volts)    (Coul/mic.)   (A/micron)   (A/micron)   (A/micron)
 --------------  -----------  -----------  -----------  -----------  -----------
 a                1.2900E+00   9.9676E-18   1.5938E-02   2.1008E-02   3.6946E-02
 c                0.0000E+00  -5.4041E-18  -2.9223E-02  -7.7226E-03  -3.6946E-02
 
 Absolute convergence criterion met for Poisson
 Absolute convergence criterion met for continuity
 Total cpu time for bias point =    0.00 minutes
 Total cpu time =    0.04 minutes


 Solution for Bias:

   V(a)               =  1.3200000E+00     V(c)               =  0.0000000E+00


 Projection used to find initial guess

 norm   iter    v-error     n-error     p-error     iiter
  XR      1    1.1065E-02  9.4784E-03  9.0386E-03     0
  XR      2    0.0000E+00  6.7581E-05  6.7581E-05     0
  XR      3*   0.0000E+00  9.6441E-09  9.6441E-09     0

   Electrode       Voltage       Flux      I(Electron)    I(Hole)     I(Total)  
      Name         (Volts)    (Coul/mic.)   (A/micron)   (A/micron)   (A/micron)
 --------------  -----------  -----------  -----------  -----------  -----------
 a                1.3200E+00   1.7954E-17   1.9993E-02   2.5324E-02   4.5317E-02
 c                0.0000E+00  -1.3778E-17  -3.5612E-02  -9.7051E-03  -4.5317E-02
 
 Absolute convergence criterion met for Poisson
 Absolute convergence criterion met for continuity
 Total cpu time for bias point =    0.00 minutes
 Total cpu time =    0.04 minutes


 Solution for Bias:

   V(a)               =  1.3500000E+00     V(c)               =  0.0000000E+00


 Projection used to find initial guess

 norm   iter    v-error     n-error     p-error     iiter
  XR      1    1.0287E-02  7.8228E-03  7.6364E-03     0
  XR      2    0.0000E+00  4.7323E-05  4.7323E-05     0
  XR      3*   0.0000E+00  4.6114E-09  4.6114E-09     0

   Electrode       Voltage       Flux      I(Electron)    I(Hole)     I(Total)  
      Name         (Volts)    (Coul/mic.)   (A/micron)   (A/micron)   (A/micron)
 --------------  -----------  -----------  -----------  -----------  -----------
 a                1.3500E+00   2.5713E-17   2.4450E-02   2.9857E-02   5.4307E-02
 c                0.0000E+00  -2.2003E-17  -4.2413E-02  -1.1894E-02  -5.4307E-02
 
 Absolute convergence criterion met for Poisson
 Absolute convergence criterion met for continuity
 Total cpu time for bias point =    0.00 minutes
 Total cpu time =    0.04 minutes


 Solution for Bias:

   V(a)               =  1.3800000E+00     V(c)               =  0.0000000E+00


 Projection used to find initial guess

 norm   iter    v-error     n-error     p-error     iiter
  XR      1    9.7330E-03  6.4433E-03  6.3676E-03     0
  XR      2    0.0000E+00  3.2831E-05  3.2831E-05     0
  XR      3*   0.0000E+00  2.1588E-09  2.1588E-09     0

   Electrode       Voltage       Flux      I(Electron)    I(Hole)     I(Total)  
      Name         (Volts)    (Coul/mic.)   (A/micron)   (A/micron)   (A/micron)
 --------------  -----------  -----------  -----------  -----------  -----------
 a                1.3800E+00   3.3270E-17   2.9267E-02   3.4554E-02   6.3821E-02
 c                0.0000E+00  -3.0085E-17  -4.9551E-02  -1.4270E-02  -6.3821E-02
 
 Absolute convergence criterion met for Poisson
 Absolute convergence criterion met for continuity
 Total cpu time for bias point =    0.00 minutes
 Total cpu time =    0.04 minutes


 Solution for Bias:

   V(a)               =  1.4100000E+00     V(c)               =  0.0000000E+00


 Projection used to find initial guess

 norm   iter    v-error     n-error     p-error     iiter
  XR      1    8.5248E-03  5.3111E-03  5.2896E-03     0
  XR      2    0.0000E+00  2.2666E-05  2.2666E-05     0
  XR      3*   0.0000E+00  9.9878E-10  9.9878E-10     0

   Electrode       Voltage       Flux      I(Electron)    I(Hole)     I(Total)  
      Name         (Volts)    (Coul/mic.)   (A/micron)   (A/micron)   (A/micron)
 --------------  -----------  -----------  -----------  -----------  -----------
 a                1.4100E+00   4.0650E-17   3.4404E-02   3.9371E-02   7.3775E-02
 c                0.0000E+00  -3.8039E-17  -5.6966E-02  -1.6808E-02  -7.3775E-02
 
 Absolute convergence criterion met for Poisson
 Absolute convergence criterion met for continuity
 Total cpu time for bias point =    0.00 minutes
 Total cpu time =    0.04 minutes


 Solution for Bias:

   V(a)               =  1.4400000E+00     V(c)               =  0.0000000E+00


 Projection used to find initial guess

 norm   iter    v-error     n-error     p-error     iiter
  XR      1    6.7797E-03  4.3904E-03  4.3947E-03     0
  XR      2    0.0000E+00  1.5704E-05  1.5704E-05     0
  XR      3*   0.0000E+00  4.6736E-10  4.6384E-10     0

   Electrode       Voltage       Flux      I(Electron)    I(Hole)     I(Total)  
      Name         (Volts)    (Coul/mic.)   (A/micron)   (A/micron)   (A/micron)
 --------------  -----------  -----------  -----------  -----------  -----------
 a                1.4400E+00   4.7877E-17   3.9823E-02   4.4274E-02   8.4096E-02
 c                0.0000E+00  -4.5883E-17  -6.4608E-02  -1.9489E-02  -8.4096E-02
 
 Absolute convergence criterion met for Poisson
 Absolute convergence criterion met for continuity
 Total cpu time for bias point =    0.00 minutes
 Total cpu time =    0.04 minutes


 Solution for Bias:

   V(a)               =  1.4700000E+00     V(c)               =  0.0000000E+00


 Projection used to find initial guess

 norm   iter    v-error     n-error     p-error     iiter
  XR      1    5.8899E-03  3.6415E-03  3.6531E-03     0
  XR      2    0.0000E+00  1.0981E-05  1.0981E-05     0
  XR      3*   0.0000E+00  2.1332E-10  2.1324E-10     0

   Electrode       Voltage       Flux      I(Electron)    I(Hole)     I(Total)  
      Name         (Volts)    (Coul/mic.)   (A/micron)   (A/micron)   (A/micron)
 --------------  -----------  -----------  -----------  -----------  -----------
 a                1.4700E+00   5.4971E-17   4.5491E-02   4.9235E-02   9.4726E-02
 c                0.0000E+00  -5.3635E-17  -7.2435E-02  -2.2291E-02  -9.4726E-02
 
 Absolute convergence criterion met for Poisson
 Absolute convergence criterion met for continuity
 Total cpu time for bias point =    0.00 minutes
 Total cpu time =    0.04 minutes


 Solution for Bias:

   V(a)               =  1.5000000E+00     V(c)               =  0.0000000E+00


 Projection used to find initial guess

 norm   iter    v-error     n-error     p-error     iiter
  XR      1    0.0000E+00  3.0411E-03  3.0390E-03     0
  XR      2    0.0000E+00  7.7462E-06  7.7462E-06     0

   Electrode       Voltage       Flux      I(Electron)    I(Hole)     I(Total)  
      Name         (Volts)    (Coul/mic.)   (A/micron)   (A/micron)   (A/micron)
 --------------  -----------  -----------  -----------  -----------  -----------
 a                1.5000E+00   6.1952E-17   5.1379E-02   5.4233E-02   1.0561E-01
 c                0.0000E+00  -6.1311E-17  -8.0416E-02  -2.5196E-02  -1.0561E-01
 
 Absolute convergence criterion met for Poisson
 Absolute convergence criterion met for continuity
 Total cpu time for bias point =    0.00 minutes
 Total cpu time =    0.04 minutes


 Solution for Bias:

   V(a)               =  1.5300000E+00     V(c)               =  0.0000000E+00


 Projection used to find initial guess

 norm   iter    v-error     n-error     p-error     iiter
  XR      1    0.0000E+00  2.5567E-03  2.5305E-03     0
  XR      2    0.0000E+00  5.5077E-06  5.5077E-06     0

   Electrode       Voltage       Flux      I(Electron)    I(Hole)     I(Total)  
      Name         (Volts)    (Coul/mic.)   (A/micron)   (A/micron)   (A/micron)
 --------------  -----------  -----------  -----------  -----------  -----------
 a                1.5300E+00   6.8838E-17   5.7463E-02   5.9251E-02   1.1671E-01
 c                0.0000E+00  -6.8925E-17  -8.8524E-02  -2.8190E-02  -1.1671E-01
 
 Absolute convergence criterion met for Poisson
 Absolute convergence criterion met for continuity
 Total cpu time for bias point =    0.00 minutes
 Total cpu time =    0.04 minutes


 Solution for Bias:

   V(a)               =  1.5600000E+00     V(c)               =  0.0000000E+00


 Projection used to find initial guess

 norm   iter    v-error     n-error     p-error     iiter
  XR      1    0.0000E+00  2.1666E-03  2.1164E-03     0
  XR      2    0.0000E+00  3.9526E-06  3.9526E-06     0

   Electrode       Voltage       Flux      I(Electron)    I(Hole)     I(Total)  
      Name         (Volts)    (Coul/mic.)   (A/micron)   (A/micron)   (A/micron)
 --------------  -----------  -----------  -----------  -----------  -----------
 a                1.5600E+00   7.5642E-17   6.3720E-02   6.4278E-02   1.2800E-01
 c                0.0000E+00  -7.6492E-17  -9.6740E-02  -3.1258E-02  -1.2800E-01
 
 Absolute convergence criterion met for Poisson
 Absolute convergence criterion met for continuity
 Total cpu time for bias point =    0.00 minutes
 Total cpu time =    0.04 minutes


 Solution for Bias:

   V(a)               =  1.5900000E+00     V(c)               =  0.0000000E+00


 Projection used to find initial guess

 norm   iter    v-error     n-error     p-error     iiter
  XR      1    0.0000E+00  1.8488E-03  1.7877E-03     0
  XR      2    0.0000E+00  2.8650E-06  2.8650E-06     0

   Electrode       Voltage       Flux      I(Electron)    I(Hole)     I(Total)  
      Name         (Volts)    (Coul/mic.)   (A/micron)   (A/micron)   (A/micron)
 --------------  -----------  -----------  -----------  -----------  -----------
 a                1.5900E+00   8.2379E-17   7.0132E-02   6.9305E-02   1.3944E-01
 c                0.0000E+00  -8.4024E-17  -1.0505E-01  -3.4389E-02  -1.3944E-01
 
 Absolute convergence criterion met for Poisson
 Absolute convergence criterion met for continuity
 Total cpu time for bias point =    0.00 minutes
 Total cpu time =    0.04 minutes


 Solution for Bias:

   V(a)               =  1.6200000E+00     V(c)               =  0.0000000E+00


 Projection used to find initial guess

 norm   iter    v-error     n-error     p-error     iiter
  XR      1    0.0000E+00  1.5875E-03  1.5393E-03     0
  XR      2    0.0000E+00  2.0994E-06  2.0994E-06     0

   Electrode       Voltage       Flux      I(Electron)    I(Hole)     I(Total)  
      Name         (Volts)    (Coul/mic.)   (A/micron)   (A/micron)   (A/micron)
 --------------  -----------  -----------  -----------  -----------  -----------
 a                1.6200E+00   8.9061E-17   7.6683E-02   7.4326E-02   1.5101E-01
 c                0.0000E+00  -9.1531E-17  -1.1344E-01  -3.7572E-02  -1.5101E-01
 
 Absolute convergence criterion met for Poisson
 Absolute convergence criterion met for continuity
 Total cpu time for bias point =    0.00 minutes
 Total cpu time =    0.04 minutes


 Solution for Bias:

   V(a)               =  1.6500000E+00     V(c)               =  0.0000000E+00


 Projection used to find initial guess

 norm   iter    v-error     n-error     p-error     iiter
  XR      1    2.4303E-03  1.3706E-03  1.3282E-03     0
  XR      2    0.0000E+00  1.5565E-06  1.5565E-06     0

   Electrode       Voltage       Flux      I(Electron)    I(Hole)     I(Total)  
      Name         (Volts)    (Coul/mic.)   (A/micron)   (A/micron)   (A/micron)
 --------------  -----------  -----------  -----------  -----------  -----------
 a                1.6500E+00   9.5696E-17   8.3359E-02   7.9336E-02   1.6270E-01
 c                0.0000E+00  -9.9021E-17  -1.2190E-01  -4.0799E-02  -1.6270E-01
 
 Absolute convergence criterion met for Poisson
 Absolute convergence criterion met for continuity
 Total cpu time for bias point =    0.00 minutes
 Total cpu time =    0.04 minutes


 Solution for Bias:

   V(a)               =  1.6800000E+00     V(c)               =  0.0000000E+00


 Projection used to find initial guess

 norm   iter    v-error     n-error     p-error     iiter
  XR      1    0.0000E+00  1.1891E-03  1.1483E-03     0
  XR      2    0.0000E+00  1.1690E-06  1.1690E-06     0

   Electrode       Voltage       Flux      I(Electron)    I(Hole)     I(Total)  
      Name         (Volts)    (Coul/mic.)   (A/micron)   (A/micron)   (A/micron)
 --------------  -----------  -----------  -----------  -----------  -----------
 a                1.6800E+00   1.0229E-16   9.0149E-02   8.4333E-02   1.7448E-01
 c                0.0000E+00  -1.0650E-16  -1.3042E-01  -4.4063E-02  -1.7448E-01
 
 Absolute convergence criterion met for Poisson
 Absolute convergence criterion met for continuity
 Total cpu time for bias point =    0.00 minutes
 Total cpu time =    0.04 minutes


 Solution for Bias:

   V(a)               =  1.7100000E+00     V(c)               =  0.0000000E+00


 Projection used to find initial guess

 norm   iter    v-error     n-error     p-error     iiter
  XR      1    0.0000E+00  1.0358E-03  1.0017E-03     0
  XR      2    0.0000E+00  8.8465E-07  8.8465E-07     0

   Electrode       Voltage       Flux      I(Electron)    I(Hole)     I(Total)  
      Name         (Volts)    (Coul/mic.)   (A/micron)   (A/micron)   (A/micron)
 --------------  -----------  -----------  -----------  -----------  -----------
 a                1.7100E+00   1.0886E-16   9.7043E-02   8.9315E-02   1.8636E-01
 c                0.0000E+00  -1.1398E-16  -1.3900E-01  -4.7359E-02  -1.8636E-01
 
 Absolute convergence criterion met for Poisson
 Absolute convergence criterion met for continuity
 Total cpu time for bias point =    0.00 minutes
 Total cpu time =    0.04 minutes


 Solution for Bias:

   V(a)               =  1.7400000E+00     V(c)               =  0.0000000E+00


 Projection used to find initial guess

 norm   iter    v-error     n-error     p-error     iiter
  XR      1    0.0000E+00  9.0639E-04  8.7836E-04     0
  XR      2    0.0000E+00  6.7836E-07  6.7836E-07     0

   Electrode       Voltage       Flux      I(Electron)    I(Hole)     I(Total)  
      Name         (Volts)    (Coul/mic.)   (A/micron)   (A/micron)   (A/micron)
 --------------  -----------  -----------  -----------  -----------  -----------
 a                1.7400E+00   1.1541E-16   1.0403E-01   9.4279E-02   1.9831E-01
 c                0.0000E+00  -1.2147E-16  -1.4763E-01  -5.0680E-02  -1.9831E-01
 
 Absolute convergence criterion met for Poisson
 Absolute convergence criterion met for continuity
 Total cpu time for bias point =    0.00 minutes
 Total cpu time =    0.04 minutes


 Solution for Bias:

   V(a)               =  1.7700000E+00     V(c)               =  0.0000000E+00


 Projection used to find initial guess

 norm   iter    v-error     n-error     p-error     iiter
  XR      1    0.0000E+00  7.9627E-04  7.7342E-04     0
  XR      2    0.0000E+00  5.2609E-07  5.2609E-07     0

   Electrode       Voltage       Flux      I(Electron)    I(Hole)     I(Total)  
      Name         (Volts)    (Coul/mic.)   (A/micron)   (A/micron)   (A/micron)
 --------------  -----------  -----------  -----------  -----------  -----------
 a                1.7700E+00   1.2194E-16   1.1111E-01   9.9227E-02   2.1033E-01
 c                0.0000E+00  -1.2896E-16  -1.5631E-01  -5.4024E-02  -2.1033E-01
 
 Absolute convergence criterion met for Poisson
 Absolute convergence criterion met for continuity
 Total cpu time for bias point =    0.00 minutes
 Total cpu time =    0.04 minutes


 Solution for Bias:

   V(a)               =  1.8000000E+00     V(c)               =  0.0000000E+00


 Projection used to find initial guess

 norm   iter    v-error     n-error     p-error     iiter
  XR      1    0.0000E+00  7.0192E-04  6.8319E-04     0
  XR      2    0.0000E+00  4.1262E-07  4.1262E-07     0

   Electrode       Voltage       Flux      I(Electron)    I(Hole)     I(Total)  
      Name         (Volts)    (Coul/mic.)   (A/micron)   (A/micron)   (A/micron)
 --------------  -----------  -----------  -----------  -----------  -----------
 a                1.8000E+00   1.2846E-16   1.1826E-01   1.0416E-01   2.2242E-01
 c                0.0000E+00  -1.3647E-16  -1.6503E-01  -5.7387E-02  -2.2242E-01
 
 Absolute convergence criterion met for Poisson
 Absolute convergence criterion met for continuity
 Total cpu time for bias point =    0.00 minutes
 Total cpu time =    0.05 minutes


 Solution for Bias:

   V(a)               =  1.8300000E+00     V(c)               =  0.0000000E+00


 Projection used to find initial guess

 norm   iter    v-error     n-error     p-error     iiter
  XR      1    0.0000E+00  6.2077E-04  6.0529E-04     0
  XR      2    0.0000E+00  3.2726E-07  3.2726E-07     0

   Electrode       Voltage       Flux      I(Electron)    I(Hole)     I(Total)  
      Name         (Volts)    (Coul/mic.)   (A/micron)   (A/micron)   (A/micron)
 --------------  -----------  -----------  -----------  -----------  -----------
 a                1.8300E+00   1.3497E-16   1.2549E-01   1.0907E-01   2.3456E-01
 c                0.0000E+00  -1.4399E-16  -1.7379E-01  -6.0766E-02  -2.3456E-01
 
 Absolute convergence criterion met for Poisson
 Absolute convergence criterion met for continuity
 Total cpu time for bias point =    0.00 minutes
 Total cpu time =    0.05 minutes


 Solution for Bias:

   V(a)               =  1.8600000E+00     V(c)               =  0.0000000E+00


 Projection used to find initial guess

 norm   iter    v-error     n-error     p-error     iiter
  XR      1    0.0000E+00  5.5070E-04  5.3782E-04     0
  XR      2    0.0000E+00  2.6241E-07  2.6241E-07     0

   Electrode       Voltage       Flux      I(Electron)    I(Hole)     I(Total)  
      Name         (Volts)    (Coul/mic.)   (A/micron)   (A/micron)   (A/micron)
 --------------  -----------  -----------  -----------  -----------  -----------
 a                1.8600E+00   1.4148E-16   1.3279E-01   1.1396E-01   2.4675E-01
 c                0.0000E+00  -1.5152E-16  -1.8259E-01  -6.4158E-02  -2.4675E-01
 
 Absolute convergence criterion met for Poisson
 Absolute convergence criterion met for continuity
 Total cpu time for bias point =    0.00 minutes
 Total cpu time =    0.05 minutes


 Solution for Bias:

   V(a)               =  1.8900000E+00     V(c)               =  0.0000000E+00


 Projection used to find initial guess

 norm   iter    v-error     n-error     p-error     iiter
  XR      1    0.0000E+00  4.8999E-04  4.8520E-04     0
  XR      2    0.0000E+00  2.1266E-07  2.1266E-07     0

   Electrode       Voltage       Flux      I(Electron)    I(Hole)     I(Total)  
      Name         (Volts)    (Coul/mic.)   (A/micron)   (A/micron)   (A/micron)
 --------------  -----------  -----------  -----------  -----------  -----------
 a                1.8900E+00   1.4799E-16   1.4015E-01   1.1884E-01   2.5899E-01
 c                0.0000E+00  -1.5908E-16  -1.9143E-01  -6.7562E-02  -2.5899E-01
 
 Absolute convergence criterion met for Poisson
 Absolute convergence criterion met for continuity
 Total cpu time for bias point =    0.00 minutes
 Total cpu time =    0.05 minutes


 Solution for Bias:

   V(a)               =  1.9200000E+00     V(c)               =  0.0000000E+00


 Projection used to find initial guess

 norm   iter    v-error     n-error     p-error     iiter
  XR      1    0.0000E+00  4.4394E-04  4.4187E-04     0
  XR      2    0.0000E+00  1.7414E-07  1.7414E-07     0

   Electrode       Voltage       Flux      I(Electron)    I(Hole)     I(Total)  
      Name         (Volts)    (Coul/mic.)   (A/micron)   (A/micron)   (A/micron)
 --------------  -----------  -----------  -----------  -----------  -----------
 a                1.9200E+00   1.5449E-16   1.4756E-01   1.2370E-01   2.7127E-01
 c                0.0000E+00  -1.6666E-16  -2.0029E-01  -7.0975E-02  -2.7127E-01
 
 Absolute convergence criterion met for Poisson
 Absolute convergence criterion met for continuity
 Total cpu time for bias point =    0.00 minutes
 Total cpu time =    0.05 minutes


 Solution for Bias:

   V(a)               =  1.9500000E+00     V(c)               =  0.0000000E+00


 Projection used to find initial guess

 norm   iter    v-error     n-error     p-error     iiter
  XR      1    0.0000E+00  4.0578E-04  4.0395E-04     0
  XR      2    0.0000E+00  1.4402E-07  1.4402E-07     0

   Electrode       Voltage       Flux      I(Electron)    I(Hole)     I(Total)  
      Name         (Volts)    (Coul/mic.)   (A/micron)   (A/micron)   (A/micron)
 --------------  -----------  -----------  -----------  -----------  -----------
 a                1.9500E+00   1.6101E-16   1.5504E-01   1.2854E-01   2.8358E-01
 c                0.0000E+00  -1.7426E-16  -2.0919E-01  -7.4397E-02  -2.8358E-01
 
 Absolute convergence criterion met for Poisson
 Absolute convergence criterion met for continuity
 Total cpu time for bias point =    0.00 minutes
 Total cpu time =    0.05 minutes


 Solution for Bias:

   V(a)               =  1.9800000E+00     V(c)               =  0.0000000E+00


 Projection used to find initial guess

 norm   iter    v-error     n-error     p-error     iiter
  XR      1    0.0000E+00  3.7225E-04  3.7063E-04     0
  XR      2    0.0000E+00  1.2025E-07  1.2025E-07     0

   Electrode       Voltage       Flux      I(Electron)    I(Hole)     I(Total)  
      Name         (Volts)    (Coul/mic.)   (A/micron)   (A/micron)   (A/micron)
 --------------  -----------  -----------  -----------  -----------  -----------
 a                1.9800E+00   1.6752E-16   1.6256E-01   1.3337E-01   2.9593E-01
 c                0.0000E+00  -1.8189E-16  -2.1811E-01  -7.7825E-02  -2.9593E-01
 
 Absolute convergence criterion met for Poisson
 Absolute convergence criterion met for continuity
 Total cpu time for bias point =    0.00 minutes
 Total cpu time =    0.05 minutes


 Solution for Bias:

   V(a)               =  2.0100000E+00     V(c)               =  0.0000000E+00


 Projection used to find initial guess

 norm   iter    v-error     n-error     p-error     iiter
  XR      1    0.0000E+00  3.4267E-04  3.4122E-04     0
  XR      2    0.0000E+00  1.0149E-07  1.0149E-07     0

   Electrode       Voltage       Flux      I(Electron)    I(Hole)     I(Total)  
      Name         (Volts)    (Coul/mic.)   (A/micron)   (A/micron)   (A/micron)
 --------------  -----------  -----------  -----------  -----------  -----------
 a                2.0100E+00   1.7404E-16   1.7013E-01   1.3818E-01   3.0831E-01
 c                0.0000E+00  -1.8954E-16  -2.2705E-01  -8.1259E-02  -3.0831E-01
 
 Absolute convergence criterion met for Poisson
 Absolute convergence criterion met for continuity
 Total cpu time for bias point =    0.00 minutes
 Total cpu time =    0.05 minutes


 Solution for Bias:

   V(a)               =  2.0400000E+00     V(c)               =  0.0000000E+00


 Projection used to find initial guess

 norm   iter    v-error     n-error     p-error     iiter
  XR      1    0.0000E+00  3.1645E-04  3.1516E-04     0
  XR      2    0.0000E+00  8.6384E-08  8.6384E-08     0

   Electrode       Voltage       Flux      I(Electron)    I(Hole)     I(Total)  
      Name         (Volts)    (Coul/mic.)   (A/micron)   (A/micron)   (A/micron)
 --------------  -----------  -----------  -----------  -----------  -----------
 a                2.0400E+00   1.8057E-16   1.7775E-01   1.4297E-01   3.2072E-01
 c                0.0000E+00  -1.9721E-16  -2.3602E-01  -8.4699E-02  -3.2072E-01
 
 Absolute convergence criterion met for Poisson
 Absolute convergence criterion met for continuity
 Total cpu time for bias point =    0.00 minutes
 Total cpu time =    0.05 minutes


 Solution for Bias:

   V(a)               =  2.0700000E+00     V(c)               =  0.0000000E+00


 Projection used to find initial guess

 norm   iter    v-error     n-error     p-error     iiter
  XR      1    0.0000E+00  2.9313E-04  2.9198E-04     0
  XR      2    0.0000E+00  7.4110E-08  7.4110E-08     0

   Electrode       Voltage       Flux      I(Electron)    I(Hole)     I(Total)  
      Name         (Volts)    (Coul/mic.)   (A/micron)   (A/micron)   (A/micron)
 --------------  -----------  -----------  -----------  -----------  -----------
 a                2.0700E+00   1.8711E-16   1.8540E-01   1.4775E-01   3.3315E-01
 c                0.0000E+00  -2.0490E-16  -2.4501E-01  -8.8142E-02  -3.3315E-01
 
 Absolute convergence criterion met for Poisson
 Absolute convergence criterion met for continuity
 Total cpu time for bias point =    0.00 minutes
 Total cpu time =    0.05 minutes


 Solution for Bias:

   V(a)               =  2.1000000E+00     V(c)               =  0.0000000E+00


 Projection used to find initial guess

 norm   iter    v-error     n-error     p-error     iiter
  XR      1    0.0000E+00  2.7231E-04  2.7127E-04     0
  XR      2    0.0000E+00  6.4047E-08  6.4047E-08     0

   Electrode       Voltage       Flux      I(Electron)    I(Hole)     I(Total)  
      Name         (Volts)    (Coul/mic.)   (A/micron)   (A/micron)   (A/micron)
 --------------  -----------  -----------  -----------  -----------  -----------
 a                2.1000E+00   1.9366E-16   1.9309E-01   1.5251E-01   3.4560E-01
 c                0.0000E+00  -2.1263E-16  -2.5401E-01  -9.1588E-02  -3.4560E-01
 
 Absolute convergence criterion met for Poisson
 Absolute convergence criterion met for continuity
 Total cpu time for bias point =    0.00 minutes
 Total cpu time =    0.05 minutes


 Solution for Bias:

   V(a)               =  2.1300000E+00     V(c)               =  0.0000000E+00


 Projection used to find initial guess

 norm   iter    v-error     n-error     p-error     iiter
  XR      1    0.0000E+00  2.5364E-04  2.5270E-04     0
  XR      2    0.0000E+00  5.5728E-08  5.5728E-08     0

   Electrode       Voltage       Flux      I(Electron)    I(Hole)     I(Total)  
      Name         (Volts)    (Coul/mic.)   (A/micron)   (A/micron)   (A/micron)
 --------------  -----------  -----------  -----------  -----------  -----------
 a                2.1300E+00   2.0022E-16   2.0082E-01   1.5725E-01   3.5807E-01
 c                0.0000E+00  -2.2037E-16  -2.6303E-01  -9.5037E-02  -3.5807E-01
 
 Absolute convergence criterion met for Poisson
 Absolute convergence criterion met for continuity
 Total cpu time for bias point =    0.00 minutes
 Total cpu time =    0.05 minutes


 Solution for Bias:

   V(a)               =  2.1600000E+00     V(c)               =  0.0000000E+00


 Projection used to find initial guess

 norm   iter    v-error     n-error     p-error     iiter
  XR      1    0.0000E+00  2.3684E-04  2.3599E-04     0
  XR      2    0.0000E+00  4.8796E-08  4.8796E-08     0

   Electrode       Voltage       Flux      I(Electron)    I(Hole)     I(Total)  
      Name         (Volts)    (Coul/mic.)   (A/micron)   (A/micron)   (A/micron)
 --------------  -----------  -----------  -----------  -----------  -----------
 a                2.1600E+00   2.0679E-16   2.0858E-01   1.6198E-01   3.7056E-01
 c                0.0000E+00  -2.2814E-16  -2.7207E-01  -9.8487E-02  -3.7056E-01
 
 Absolute convergence criterion met for Poisson
 Absolute convergence criterion met for continuity
 Total cpu time for bias point =    0.00 minutes
 Total cpu time =    0.05 minutes


 Solution for Bias:

   V(a)               =  2.1900000E+00     V(c)               =  0.0000000E+00


 Projection used to find initial guess

 norm   iter    v-error     n-error     p-error     iiter
  XR      1    0.0000E+00  2.2168E-04  2.2090E-04     0
  XR      2    0.0000E+00  4.2994E-08  4.2994E-08     0

   Electrode       Voltage       Flux      I(Electron)    I(Hole)     I(Total)  
      Name         (Volts)    (Coul/mic.)   (A/micron)   (A/micron)   (A/micron)
 --------------  -----------  -----------  -----------  -----------  -----------
 a                2.1900E+00   2.1336E-16   2.1636E-01   1.6669E-01   3.8305E-01
 c                0.0000E+00  -2.3593E-16  -2.8111E-01  -1.0194E-01  -3.8305E-01
 
 Absolute convergence criterion met for Poisson
 Absolute convergence criterion met for continuity
 Total cpu time for bias point =    0.00 minutes
 Total cpu time =    0.05 minutes


 Solution for Bias:

   V(a)               =  2.2200000E+00     V(c)               =  0.0000000E+00


 Projection used to find initial guess

 norm   iter    v-error     n-error     p-error     iiter
  XR      1    0.0000E+00  2.0794E-04  2.0723E-04     0
  XR      2    0.0000E+00  3.8149E-08  3.8149E-08     0

   Electrode       Voltage       Flux      I(Electron)    I(Hole)     I(Total)  
      Name         (Volts)    (Coul/mic.)   (A/micron)   (A/micron)   (A/micron)
 --------------  -----------  -----------  -----------  -----------  -----------
 a                2.2200E+00   2.1995E-16   2.2418E-01   1.7138E-01   3.9556E-01
 c                0.0000E+00  -2.4374E-16  -2.9017E-01  -1.0539E-01  -3.9556E-01
 
 Absolute convergence criterion met for Poisson
 Absolute convergence criterion met for continuity
 Total cpu time for bias point =    0.00 minutes
 Total cpu time =    0.05 minutes


 Solution for Bias:

   V(a)               =  2.2500000E+00     V(c)               =  0.0000000E+00


 Projection used to find initial guess

 norm   iter    v-error     n-error     p-error     iiter
  XR      1    0.0000E+00  1.9544E-04  1.9480E-04     0
  XR      2    0.0000E+00  3.4012E-08  3.4012E-08     0

   Electrode       Voltage       Flux      I(Electron)    I(Hole)     I(Total)  
      Name         (Volts)    (Coul/mic.)   (A/micron)   (A/micron)   (A/micron)
 --------------  -----------  -----------  -----------  -----------  -----------
 a                2.2500E+00   2.2655E-16   2.3201E-01   1.7606E-01   4.0807E-01
 c                0.0000E+00  -2.5158E-16  -2.9923E-01  -1.0884E-01  -4.0807E-01
 
 Absolute convergence criterion met for Poisson
 Absolute convergence criterion met for continuity
 Total cpu time for bias point =    0.00 minutes
 Total cpu time =    0.05 minutes


 Solution for Bias:

   V(a)               =  2.2800000E+00     V(c)               =  0.0000000E+00


 Projection used to find initial guess

 norm   iter    v-error     n-error     p-error     iiter
  XR      1    0.0000E+00  1.8406E-04  1.8347E-04     0
  XR      2    0.0000E+00  3.0462E-08  3.0255E-08     0

   Electrode       Voltage       Flux      I(Electron)    I(Hole)     I(Total)  
      Name         (Volts)    (Coul/mic.)   (A/micron)   (A/micron)   (A/micron)
 --------------  -----------  -----------  -----------  -----------  -----------
 a                2.2800E+00   2.3316E-16   2.3987E-01   1.8072E-01   4.2059E-01
 c                0.0000E+00  -2.5944E-16  -3.0829E-01  -1.1230E-01  -4.2059E-01
 
 Absolute convergence criterion met for Poisson
 Absolute convergence criterion met for continuity
 Total cpu time for bias point =    0.00 minutes
 Total cpu time =    0.05 minutes


 Solution for Bias:

   V(a)               =  2.3100000E+00     V(c)               =  0.0000000E+00


 Projection used to find initial guess

 norm   iter    v-error     n-error     p-error     iiter
  XR      1    0.0000E+00  1.7364E-04  1.7311E-04     0
  XR      2    0.0000E+00  2.7394E-08  2.7394E-08     0

   Electrode       Voltage       Flux      I(Electron)    I(Hole)     I(Total)  
      Name         (Volts)    (Coul/mic.)   (A/micron)   (A/micron)   (A/micron)
 --------------  -----------  -----------  -----------  -----------  -----------
 a                2.3100E+00   2.3977E-16   2.4775E-01   1.8536E-01   4.3311E-01
 c                0.0000E+00  -2.6732E-16  -3.1736E-01  -1.1575E-01  -4.3311E-01
 
 Absolute convergence criterion met for Poisson
 Absolute convergence criterion met for continuity
 Total cpu time for bias point =    0.00 minutes
 Total cpu time =    0.05 minutes


 Solution for Bias:

   V(a)               =  2.3400000E+00     V(c)               =  0.0000000E+00


 Projection used to find initial guess

 norm   iter    v-error     n-error     p-error     iiter
  XR      1    0.0000E+00  1.6409E-04  1.6360E-04     0
  XR      2    0.0000E+00  2.4504E-08  2.4504E-08     0

   Electrode       Voltage       Flux      I(Electron)    I(Hole)     I(Total)  
      Name         (Volts)    (Coul/mic.)   (A/micron)   (A/micron)   (A/micron)
 --------------  -----------  -----------  -----------  -----------  -----------
 a                2.3400E+00   2.4640E-16   2.5565E-01   1.8999E-01   4.4564E-01
 c                0.0000E+00  -2.7522E-16  -3.2644E-01  -1.1920E-01  -4.4564E-01
 
 Absolute convergence criterion met for Poisson
 Absolute convergence criterion met for continuity
 Total cpu time for bias point =    0.00 minutes
 Total cpu time =    0.05 minutes


 Solution for Bias:

   V(a)               =  2.3700000E+00     V(c)               =  0.0000000E+00


 Projection used to find initial guess

 norm   iter    v-error     n-error     p-error     iiter
  XR      1    0.0000E+00  1.5530E-04  1.5485E-04     0
  XR      2    0.0000E+00  2.2254E-08  2.2170E-08     0

   Electrode       Voltage       Flux      I(Electron)    I(Hole)     I(Total)  
      Name         (Volts)    (Coul/mic.)   (A/micron)   (A/micron)   (A/micron)
 --------------  -----------  -----------  -----------  -----------  -----------
 a                2.3700E+00   2.5304E-16   2.6356E-01   1.9460E-01   4.5816E-01
 c                0.0000E+00  -2.8314E-16  -3.3551E-01  -1.2265E-01  -4.5816E-01
 
 Absolute convergence criterion met for Poisson
 Absolute convergence criterion met for continuity
 Total cpu time for bias point =    0.00 minutes
 Total cpu time =    0.05 minutes


 Solution for Bias:

   V(a)               =  2.4000000E+00     V(c)               =  0.0000000E+00


 Projection used to find initial guess

 norm   iter    v-error     n-error     p-error     iiter
  XR      1    0.0000E+00  1.4719E-04  1.4678E-04     0
  XR      2    0.0000E+00  2.0347E-08  2.0347E-08     0

   Electrode       Voltage       Flux      I(Electron)    I(Hole)     I(Total)  
      Name         (Volts)    (Coul/mic.)   (A/micron)   (A/micron)   (A/micron)
 --------------  -----------  -----------  -----------  -----------  -----------
 a                2.4000E+00   2.5968E-16   2.7149E-01   1.9919E-01   4.7067E-01
 c                0.0000E+00  -2.9108E-16  -3.4458E-01  -1.2610E-01  -4.7067E-01
 
 Absolute convergence criterion met for Poisson
 Absolute convergence criterion met for continuity
 Total cpu time for bias point =    0.00 minutes
 Total cpu time =    0.05 minutes


 Solution for Bias:

   V(a)               =  2.4300000E+00     V(c)               =  0.0000000E+00


 Projection used to find initial guess

 norm   iter    v-error     n-error     p-error     iiter
  XR      1    0.0000E+00  1.3970E-04  1.3932E-04     0
  XR      2    0.0000E+00  1.8523E-08  1.8543E-08     0

   Electrode       Voltage       Flux      I(Electron)    I(Hole)     I(Total)  
      Name         (Volts)    (Coul/mic.)   (A/micron)   (A/micron)   (A/micron)
 --------------  -----------  -----------  -----------  -----------  -----------
 a                2.4300E+00   2.6634E-16   2.7942E-01   2.0376E-01   4.8318E-01
 c                0.0000E+00  -2.9904E-16  -3.5364E-01  -1.2954E-01  -4.8318E-01
 
 Absolute convergence criterion met for Poisson
 Absolute convergence criterion met for continuity
 Total cpu time for bias point =    0.00 minutes
 Total cpu time =    0.05 minutes


 Solution for Bias:

   V(a)               =  2.4600000E+00     V(c)               =  0.0000000E+00


 Projection used to find initial guess

 norm   iter    v-error     n-error     p-error     iiter
  XR      1    0.0000E+00  1.3276E-04  1.3240E-04     0
  XR      2    0.0000E+00  1.6966E-08  1.6966E-08     0

   Electrode       Voltage       Flux      I(Electron)    I(Hole)     I(Total)  
      Name         (Volts)    (Coul/mic.)   (A/micron)   (A/micron)   (A/micron)
 --------------  -----------  -----------  -----------  -----------  -----------
 a                2.4600E+00   2.7300E-16   2.8737E-01   2.0832E-01   4.9569E-01
 c                0.0000E+00  -3.0702E-16  -3.6270E-01  -1.3298E-01  -4.9569E-01
 
 Absolute convergence criterion met for Poisson
 Absolute convergence criterion met for continuity
 Total cpu time for bias point =    0.00 minutes
 Total cpu time =    0.06 minutes


 Solution for Bias:

   V(a)               =  2.4900000E+00     V(c)               =  0.0000000E+00


 Projection used to find initial guess

 norm   iter    v-error     n-error     p-error     iiter
  XR      1    0.0000E+00  1.2631E-04  1.2598E-04     0
  XR      2    0.0000E+00  1.5580E-08  1.5580E-08     0

   Electrode       Voltage       Flux      I(Electron)    I(Hole)     I(Total)  
      Name         (Volts)    (Coul/mic.)   (A/micron)   (A/micron)   (A/micron)
 --------------  -----------  -----------  -----------  -----------  -----------
 a                2.4900E+00   2.7967E-16   2.9533E-01   2.1285E-01   5.0818E-01
 c                0.0000E+00  -3.1501E-16  -3.7176E-01  -1.3642E-01  -5.0818E-01
 
 Absolute convergence criterion met for Poisson
 Absolute convergence criterion met for continuity
 Total cpu time for bias point =    0.00 minutes
 Total cpu time =    0.06 minutes


 Solution for Bias:

   V(a)               =  2.5200000E+00     V(c)               =  0.0000000E+00


 Projection used to find initial guess

 norm   iter    v-error     n-error     p-error     iiter
  XR      1    0.0000E+00  1.2087E-04  1.2000E-04     0
  XR      2    0.0000E+00  1.4339E-08  1.4339E-08     0

   Electrode       Voltage       Flux      I(Electron)    I(Hole)     I(Total)  
      Name         (Volts)    (Coul/mic.)   (A/micron)   (A/micron)   (A/micron)
 --------------  -----------  -----------  -----------  -----------  -----------
 a                2.5200E+00   2.8635E-16   3.0329E-01   2.1737E-01   5.2067E-01
 c                0.0000E+00  -3.2302E-16  -3.8081E-01  -1.3986E-01  -5.2067E-01
 
 Absolute convergence criterion met for Poisson
 Absolute convergence criterion met for continuity
 Total cpu time for bias point =    0.00 minutes
 Total cpu time =    0.06 minutes


 Solution for Bias:

   V(a)               =  2.5500000E+00     V(c)               =  0.0000000E+00


 Projection used to find initial guess

 norm   iter    v-error     n-error     p-error     iiter
  XR      1    0.0000E+00  1.1583E-04  1.1442E-04     0
  XR      2    0.0000E+00  1.3225E-08  1.3225E-08     0

   Electrode       Voltage       Flux      I(Electron)    I(Hole)     I(Total)  
      Name         (Volts)    (Coul/mic.)   (A/micron)   (A/micron)   (A/micron)
 --------------  -----------  -----------  -----------  -----------  -----------
 a                2.5500E+00   2.9304E-16   3.1126E-01   2.2188E-01   5.3314E-01
 c                0.0000E+00  -3.3105E-16  -3.8984E-01  -1.4329E-01  -5.3314E-01
 
 Absolute convergence criterion met for Poisson
 Absolute convergence criterion met for continuity
 Total cpu time for bias point =    0.00 minutes
 Total cpu time =    0.06 minutes


 Solution for Bias:

   V(a)               =  2.5800000E+00     V(c)               =  0.0000000E+00


 Projection used to find initial guess

 norm   iter    v-error     n-error     p-error     iiter
  XR      1    0.0000E+00  1.1108E-04  1.1025E-04     0
  XR      2    0.0000E+00  1.2145E-08  1.2145E-08     0

   Electrode       Voltage       Flux      I(Electron)    I(Hole)     I(Total)  
      Name         (Volts)    (Coul/mic.)   (A/micron)   (A/micron)   (A/micron)
 --------------  -----------  -----------  -----------  -----------  -----------
 a                2.5800E+00   2.9973E-16   3.1923E-01   2.2636E-01   5.4559E-01
 c                0.0000E+00  -3.3910E-16  -3.9887E-01  -1.4672E-01  -5.4559E-01
 
 Absolute convergence criterion met for Poisson
 Absolute convergence criterion met for continuity
 Total cpu time for bias point =    0.00 minutes
 Total cpu time =    0.06 minutes


 Solution for Bias:

   V(a)               =  2.6100000E+00     V(c)               =  0.0000000E+00


 Projection used to find initial guess

 norm   iter    v-error     n-error     p-error     iiter
  XR      1    0.0000E+00  1.0660E-04  1.0652E-04     0
  XR      2    0.0000E+00  1.1317E-08  1.1317E-08     0

   Electrode       Voltage       Flux      I(Electron)    I(Hole)     I(Total)  
      Name         (Volts)    (Coul/mic.)   (A/micron)   (A/micron)   (A/micron)
 --------------  -----------  -----------  -----------  -----------  -----------
 a                2.6100E+00   3.0643E-16   3.2721E-01   2.3082E-01   5.5803E-01
 c                0.0000E+00  -3.4716E-16  -4.0788E-01  -1.5015E-01  -5.5803E-01
 
 Absolute convergence criterion met for Poisson
 Absolute convergence criterion met for continuity
 Total cpu time for bias point =    0.00 minutes
 Total cpu time =    0.06 minutes


 Solution for Bias:

   V(a)               =  2.6400000E+00     V(c)               =  0.0000000E+00


 Projection used to find initial guess

 norm   iter    v-error     n-error     p-error     iiter
  XR      1    0.0000E+00  1.0305E-04  1.0299E-04     0
  XR      2    0.0000E+00  1.0497E-08  1.0497E-08     0

   Electrode       Voltage       Flux      I(Electron)    I(Hole)     I(Total)  
      Name         (Volts)    (Coul/mic.)   (A/micron)   (A/micron)   (A/micron)
 --------------  -----------  -----------  -----------  -----------  -----------
 a                2.6400E+00   3.1314E-16   3.3518E-01   2.3527E-01   5.7045E-01
 c                0.0000E+00  -3.5523E-16  -4.1688E-01  -1.5357E-01  -5.7045E-01
 
 Absolute convergence criterion met for Poisson
 Absolute convergence criterion met for continuity
 Total cpu time for bias point =    0.00 minutes
 Total cpu time =    0.06 minutes


 Solution for Bias:

   V(a)               =  2.6700000E+00     V(c)               =  0.0000000E+00


 Projection used to find initial guess

 norm   iter    v-error     n-error     p-error     iiter
  XR      1    0.0000E+00  9.9693E-05  9.9634E-05     0
  XR      2    0.0000E+00  9.7588E-09  9.6385E-09     0

   Electrode       Voltage       Flux      I(Electron)    I(Hole)     I(Total)  
      Name         (Volts)    (Coul/mic.)   (A/micron)   (A/micron)   (A/micron)
 --------------  -----------  -----------  -----------  -----------  -----------
 a                2.6700E+00   3.1985E-16   3.4316E-01   2.3970E-01   5.8286E-01
 c                0.0000E+00  -3.6332E-16  -4.2587E-01  -1.5699E-01  -5.8286E-01
 
 Absolute convergence criterion met for Poisson
 Absolute convergence criterion met for continuity
 Total cpu time for bias point =    0.00 minutes
 Total cpu time =    0.06 minutes


 Solution for Bias:

   V(a)               =  2.7000000E+00     V(c)               =  0.0000000E+00


 Projection used to find initial guess

 norm   iter    v-error     n-error     p-error     iiter
  XR      1    0.0000E+00  9.6503E-05  9.6448E-05     0
  XR      2    0.0000E+00  9.1017E-09  9.1016E-09     0

   Electrode       Voltage       Flux      I(Electron)    I(Hole)     I(Total)  
      Name         (Volts)    (Coul/mic.)   (A/micron)   (A/micron)   (A/micron)
 --------------  -----------  -----------  -----------  -----------  -----------
 a                2.7000E+00   3.2657E-16   3.5113E-01   2.4410E-01   5.9524E-01
 c                0.0000E+00  -3.7142E-16  -4.3484E-01  -1.6040E-01  -5.9524E-01
 
 Absolute convergence criterion met for Poisson
 Absolute convergence criterion met for continuity
 Total cpu time for bias point =    0.00 minutes
 Total cpu time =    0.06 minutes


 Solution for Bias:

   V(a)               =  2.7300000E+00     V(c)               =  0.0000000E+00


 Projection used to find initial guess

 norm   iter    v-error     n-error     p-error     iiter
  XR      1    0.0000E+00  9.3470E-05  9.3419E-05     0
  XR      2    0.0000E+00  8.5015E-09  8.4082E-09     0

   Electrode       Voltage       Flux      I(Electron)    I(Hole)     I(Total)  
      Name         (Volts)    (Coul/mic.)   (A/micron)   (A/micron)   (A/micron)
 --------------  -----------  -----------  -----------  -----------  -----------
 a                2.7300E+00   3.3329E-16   3.5910E-01   2.4849E-01   6.0760E-01
 c                0.0000E+00  -3.7954E-16  -4.4379E-01  -1.6381E-01  -6.0760E-01
 
 Absolute convergence criterion met for Poisson
 Absolute convergence criterion met for continuity
 Total cpu time for bias point =    0.00 minutes
 Total cpu time =    0.06 minutes


 Solution for Bias:

   V(a)               =  2.7600000E+00     V(c)               =  0.0000000E+00


 Projection used to find initial guess

 norm   iter    v-error     n-error     p-error     iiter
  XR      1    0.0000E+00  9.0583E-05  9.0535E-05     0
  XR      2    0.0000E+00  7.9520E-09  7.9520E-09     0

   Electrode       Voltage       Flux      I(Electron)    I(Hole)     I(Total)  
      Name         (Volts)    (Coul/mic.)   (A/micron)   (A/micron)   (A/micron)
 --------------  -----------  -----------  -----------  -----------  -----------
 a                2.7600E+00   3.4002E-16   3.6707E-01   2.5286E-01   6.1993E-01
 c                0.0000E+00  -3.8767E-16  -4.5272E-01  -1.6721E-01  -6.1993E-01
 
 Absolute convergence criterion met for Poisson
 Absolute convergence criterion met for continuity
 Total cpu time for bias point =    0.00 minutes
 Total cpu time =    0.06 minutes


 Solution for Bias:

   V(a)               =  2.7900000E+00     V(c)               =  0.0000000E+00


 Projection used to find initial guess

 norm   iter    v-error     n-error     p-error     iiter
  XR      1    0.0000E+00  8.7833E-05  8.7788E-05     0
  XR      2    0.0000E+00  7.3788E-09  7.4482E-09     0

   Electrode       Voltage       Flux      I(Electron)    I(Hole)     I(Total)  
      Name         (Volts)    (Coul/mic.)   (A/micron)   (A/micron)   (A/micron)
 --------------  -----------  -----------  -----------  -----------  -----------
 a                2.7900E+00   3.4676E-16   3.7503E-01   2.5722E-01   6.3224E-01
 c                0.0000E+00  -3.9581E-16  -4.6164E-01  -1.7060E-01  -6.3224E-01
 
 Absolute convergence criterion met for Poisson
 Absolute convergence criterion met for continuity
 Total cpu time for bias point =    0.00 minutes
 Total cpu time =    0.06 minutes


 Solution for Bias:

   V(a)               =  2.8200000E+00     V(c)               =  0.0000000E+00


 Projection used to find initial guess

 norm   iter    v-error     n-error     p-error     iiter
  XR      1    0.0000E+00  8.5212E-05  8.5169E-05     0
  XR      2    0.0000E+00  6.9858E-09  6.9858E-09     0

   Electrode       Voltage       Flux      I(Electron)    I(Hole)     I(Total)  
      Name         (Volts)    (Coul/mic.)   (A/micron)   (A/micron)   (A/micron)
 --------------  -----------  -----------  -----------  -----------  -----------
 a                2.8200E+00   3.5349E-16   3.8298E-01   2.6155E-01   6.4452E-01
 c                0.0000E+00  -4.0397E-16  -4.7053E-01  -1.7399E-01  -6.4452E-01
 
 Absolute convergence criterion met for Poisson
 Absolute convergence criterion met for continuity
 Total cpu time for bias point =    0.00 minutes
 Total cpu time =    0.06 minutes


 Solution for Bias:

   V(a)               =  2.8500000E+00     V(c)               =  0.0000000E+00


 Projection used to find initial guess

 norm   iter    v-error     n-error     p-error     iiter
  XR      1    0.0000E+00  8.2706E-05  8.2666E-05     0
  XR      2    0.0000E+00  6.5591E-09  6.5591E-09     0

   Electrode       Voltage       Flux      I(Electron)    I(Hole)     I(Total)  
      Name         (Volts)    (Coul/mic.)   (A/micron)   (A/micron)   (A/micron)
 --------------  -----------  -----------  -----------  -----------  -----------
 a                2.8500E+00   3.6023E-16   3.9092E-01   2.6586E-01   6.5678E-01
 c                0.0000E+00  -4.1213E-16  -4.7940E-01  -1.7738E-01  -6.5678E-01
 
 Absolute convergence criterion met for Poisson
 Absolute convergence criterion met for continuity
 Total cpu time for bias point =    0.00 minutes
 Total cpu time =    0.06 minutes


 Solution for Bias:

   V(a)               =  2.8800000E+00     V(c)               =  0.0000000E+00


 Projection used to find initial guess

 norm   iter    v-error     n-error     p-error     iiter
  XR      1    0.0000E+00  8.0317E-05  8.0280E-05     0
  XR      2    0.0000E+00  6.1673E-09  6.1175E-09     0

   Electrode       Voltage       Flux      I(Electron)    I(Hole)     I(Total)  
      Name         (Volts)    (Coul/mic.)   (A/micron)   (A/micron)   (A/micron)
 --------------  -----------  -----------  -----------  -----------  -----------
 a                2.8800E+00   3.6698E-16   3.9886E-01   2.7015E-01   6.6901E-01
 c                0.0000E+00  -4.2031E-16  -4.8825E-01  -1.8076E-01  -6.6901E-01
 
 Absolute convergence criterion met for Poisson
 Absolute convergence criterion met for continuity
 Total cpu time for bias point =    0.00 minutes
 Total cpu time =    0.06 minutes


 Solution for Bias:

   V(a)               =  2.9100000E+00     V(c)               =  0.0000000E+00


 Projection used to find initial guess

 norm   iter    v-error     n-error     p-error     iiter
  XR      1    0.0000E+00  7.8032E-05  7.7996E-05     0
  XR      2    0.0000E+00  5.7681E-09  5.7680E-09     0

   Electrode       Voltage       Flux      I(Electron)    I(Hole)     I(Total)  
      Name         (Volts)    (Coul/mic.)   (A/micron)   (A/micron)   (A/micron)
 --------------  -----------  -----------  -----------  -----------  -----------
 a                2.9100E+00   3.7372E-16   4.0678E-01   2.7442E-01   6.8120E-01
 c                0.0000E+00  -4.2850E-16  -4.9707E-01  -1.8413E-01  -6.8120E-01
 
 Absolute convergence criterion met for Poisson
 Absolute convergence criterion met for continuity
 Total cpu time for bias point =    0.00 minutes
 Total cpu time =    0.06 minutes


 Solution for Bias:

   V(a)               =  2.9400000E+00     V(c)               =  0.0000000E+00


 Projection used to find initial guess

 norm   iter    v-error     n-error     p-error     iiter
  XR      1    0.0000E+00  7.5845E-05  7.5812E-05     0
  XR      2    0.0000E+00  5.4707E-09  5.4706E-09     0

   Electrode       Voltage       Flux      I(Electron)    I(Hole)     I(Total)  
      Name         (Volts)    (Coul/mic.)   (A/micron)   (A/micron)   (A/micron)
 --------------  -----------  -----------  -----------  -----------  -----------
 a                2.9400E+00   3.8047E-16   4.1469E-01   2.7868E-01   6.9337E-01
 c                0.0000E+00  -4.3669E-16  -5.0587E-01  -1.8750E-01  -6.9337E-01
 
 Absolute convergence criterion met for Poisson
 Absolute convergence criterion met for continuity
 Total cpu time for bias point =    0.00 minutes
 Total cpu time =    0.06 minutes


 Solution for Bias:

   V(a)               =  2.9700000E+00     V(c)               =  0.0000000E+00


 Projection used to find initial guess

 norm   iter    v-error     n-error     p-error     iiter
  XR      1    0.0000E+00  7.3752E-05  7.3721E-05     0
  XR      2    0.0000E+00  5.1610E-09  5.1610E-09     0

   Electrode       Voltage       Flux      I(Electron)    I(Hole)     I(Total)  
      Name         (Volts)    (Coul/mic.)   (A/micron)   (A/micron)   (A/micron)
 --------------  -----------  -----------  -----------  -----------  -----------
 a                2.9700E+00   3.8722E-16   4.2259E-01   2.8291E-01   7.0550E-01
 c                0.0000E+00  -4.4490E-16  -5.1465E-01  -1.9085E-01  -7.0550E-01
 
 Absolute convergence criterion met for Poisson
 Absolute convergence criterion met for continuity
 Total cpu time for bias point =    0.00 minutes
 Total cpu time =    0.06 minutes


 Solution for Bias:

   V(a)               =  3.0000000E+00     V(c)               =  0.0000000E+00


 Projection used to find initial guess

 norm   iter    v-error     n-error     p-error     iiter
  XR      1    0.0000E+00  7.1747E-05  7.1718E-05     0
  XR      2    0.0000E+00  4.8742E-09  4.8741E-09     0

   Electrode       Voltage       Flux      I(Electron)    I(Hole)     I(Total)  
      Name         (Volts)    (Coul/mic.)   (A/micron)   (A/micron)   (A/micron)
 --------------  -----------  -----------  -----------  -----------  -----------
 a                3.0000E+00   3.9398E-16   4.3048E-01   2.8712E-01   7.1760E-01
 c                0.0000E+00  -4.5312E-16  -5.2339E-01  -1.9421E-01  -7.1760E-01
 
 Absolute convergence criterion met for Poisson
 Absolute convergence criterion met for continuity
 Total cpu time for bias point =    0.00 minutes
 Total cpu time =    0.06 minutes


 *** END MEDICI ***


 TOTAL CPU TIME =    0.06 minutes
