1


        ****************************************************************
        ***                       MEDICI (TM)                        ***
        ***                   Version D-2010.03-0                    ***
        ***                   System K (PC: Linux)                   ***
        ***                 Copyright (C) 1991-2010                  ***
        ***                      Synopsys, Inc.                      ***
        ***                                                          ***
        ***   This software and the associated documentation are     ***
        ***   confidential and proprietary to Synopsys, Inc.  Your   ***
        ***   use or disclosure of this software is subject to the   ***
        ***   terms and conditions of a written license agreement    ***
        ***   between you, or your company, and Synopsys, Inc.       ***
        ***                                                          ***
        ***         MEDICI is a trademark of Synopsys, Inc.          ***
        ****************************************************************

                               8-Dec-2022 09:44:42


     Statements input from file e3_r



   1... MESH      ^DIAG.FLI
   2... X.MESH    X.MAX=7.0  H1=0.20
   3... Y.MESH    Y.MAX=5.0  H1=0.20

   4... REGION    NAME=Silicon  SILICON

   5... ELECTR    NAME=a  X.MIN=2.0 X.MAX=3.0 Y.MAX=0 Y.MIN=0
   6... ELECTR    NAME=c  X.MIN=4.0 X.MAX=5.0 Y.MAX=0 Y.MIN=0

   7... PROFILE   P-TYPE  N.PEAK=5E15  UNIF
   8... PROFILE   N-TYPE  N.PEAK=1E20 X.MIN=4.0 X.MAX=5.0 Y.JUNC=0.3 X.CHAR=0.12
   9... PROFILE   P-TYPE  N.PEAK=1E20 X.MIN=2.0 X.MAX=3.0 Y.JUNC=0.3 X.CHAR=0.12

  10... REGRID  doping log ratio=1

  11... model
  12... symb newton carr=0
  13... method autonr stack=20 itlimit=10
  14... solve

  15... PLOT.2D   GRID  TITLE="E1"  SCALE FILL

  16... MODELS    SRH  impact.i  CONMOB  FLDMOB AUGER

  17... SYMB      NEWTON  CARRIERS=2

  18... method autonr stack=20 itlimit=10

  19... SOLVE continu electrode=c c.vstep=4 c.imax=4e-6 c.vmax=500

  20... extract name=BV now express="max(@V(c);@BV)" initial.V=0
  21... echo "the BV is "@BV" V"

  22... plot.1d x.axis=v(c) y.axis=i(c) symb=2 bot=-1e-6 right=30 left=0

  23... plot.3d e.fie y.max=5
  24... plot.3d ii.g y.max=5

 **************************** Program Configuration ****************************
 *                                                                             *
 * Programmable Device AAM  :       available for use                          *
 * Circuit Analysis AAM     :       available for use                          *
 * Lattice Temperature AAM  :       available for use                          *
 * Heterojunction Device AAM:       available for use                          *
 * Trapped Charge AAM       :       available for use                          *
 * Anisotropic Material AAM :       available for use                          *
 * Optical Device AAM       :       available for use                          *
 *                                                                             *
 * Maximum Nodes Available  :   10000                                          *
 * Configuration Parameter  :   10000                                          *
 *                                                                             *
 * Approximate Number of Nodes Available for:                                  *
 *   2-carrier solutions    :   10000                                          *
 *   2-carrier + lat. temp. :    5727                                          *
 *                                                                             *
 *******************************************************************************

 Mesh statistics (rectangular) :
     Total grid points =   936
     Total number of triangles =  1750
     Obtuse triangles in semiconductors =     0  ( 0.0%)
     Obtuse triangles in insul. & cond. =     0  ( 0.0%)

    Region     Material      X-min        X-max        Y-min        Y-max
     Name        Type      (microns)    (microns)    (microns)    (microns)
 ------------  --------    ---------    ---------    ---------    ---------
 Silicon       Silicon        0.0000       7.0000       0.0000       5.0000

  Electrode     Number       X-min        X-max        Y-min        Y-max
     Name      of Nodes    (microns)    (microns)    (microns)    (microns)
 ------------  --------    ---------    ---------    ---------    ---------
 a                 6          2.0000       3.0000       0.0000       0.0000
 c                 6          4.0000       5.0000       0.0000       0.0000

 Mesh statistics (rectangular) :
     Total grid points =  1062
     Total number of triangles =  1984
     Obtuse triangles in semiconductors =    22  ( 1.1%)
     Obtuse triangles in insul. & cond. =     0  ( 0.0%)


 Solution for Bias:

   V(a)               =  0.0000000E+00     V(c)               =  0.0000000E+00


 Initial solution

 norm  p-iter  c-iter   v-error     n-error     p-error
  XR      1            8.1710E+00
  XR      2            9.2068E+00
  XR      3            4.2972E+00
  XR      4            3.5072E-01
  XR      5            1.3523E-02
  XR      6            0.0000E+00

   Electrode       Voltage       Flux      I(Electron)    I(Hole)     I(Total)  
      Name         (Volts)    (Coul/mic.)   (A/micron)   (A/micron)   (A/micron)
 --------------  -----------  -----------  -----------  -----------  -----------
 a                0.0000E+00  -6.9080E-17   0.0000E+00   0.0000E+00   0.0000E+00
 c                0.0000E+00   6.9153E-17   0.0000E+00   0.0000E+00   0.0000E+00
 
 Absolute convergence criterion met for Poisson
 Absolute convergence criterion met for continuity
 Total cpu time for bias point =    0.00 minutes
 Total cpu time =    0.01 minutes


 Solution for Bias:

   V(a)               =  0.0000000E+00     V(c)               =  0.0000000E+00


 norm   iter    v-error     n-error     p-error     iiter
  XR      1    6.2107E-28  0.0000E+00  0.0000E+00     0

   Electrode       Voltage       Flux      I(Electron)    I(Hole)     I(Total)  
      Name         (Volts)    (Coul/mic.)   (A/micron)   (A/micron)   (A/micron)
 --------------  -----------  -----------  -----------  -----------  -----------
 a                0.0000E+00  -6.9080E-17  -3.9723E-37   2.1245E-30   2.1245E-30
 c                1.6056E-29   6.9153E-17   4.5895E-31   4.5951E-37   4.5895E-31
 
 Absolute convergence criterion met for Poisson
 Absolute convergence criterion met for continuity
 Total cpu time for bias point =    0.00 minutes
 Total cpu time =    0.01 minutes
  
  Continuation method: 
 Slope: 2.024E-05      Device Resistance: 4.942E+13
   V:    4.0000     I: 8.095E-14
   R: 2.024E+04    Va: 4.000E+00
 Lte: 0.000E+00    dV: 4.000E+00    dI: 8.095E-14


 Solution for Bias:

   V(a)               =  0.0000000E+00     V(c)               =  4.0000000E+00


 norm   iter    v-error     n-error     p-error     iiter
  XR      1    1.5473E+02  5.2349E+01  8.3550E+01     0

  *****         Convergence problem         *****
  *****    Repeat with smaller bias-step    *****


 Total cpu time for bias point =    0.00 minutes
 Total cpu time =    0.01 minutes
  
  Continuation method: 
 Slope: 2.024E-05      Device Resistance: 4.942E+13
   V:    1.3333     I: 2.698E-14
   R: 2.024E+04    Va: 1.333E+00
 Lte: 0.000E+00    dV: 1.333E+00    dI: 2.698E-14


 Solution for Bias:

   V(a)               =  0.0000000E+00     V(c)               =  1.3333332E+00


 norm   iter    v-error     n-error     p-error     iiter
  XR      1    5.1575E+01  1.7450E+01  2.7850E+01     0

  *****         Convergence problem         *****
  *****    Repeat with smaller bias-step    *****


 Total cpu time for bias point =    0.00 minutes
 Total cpu time =    0.01 minutes
  
  Continuation method: 
 Slope: 2.024E-05      Device Resistance: 4.942E+13
   V:    0.4444     I: 8.994E-15
   R: 2.024E+04    Va: 4.444E-01
 Lte: 0.000E+00    dV: 4.444E-01    dI: 8.994E-15


 Solution for Bias:

   V(a)               =  0.0000000E+00     V(c)               =  4.4444436E-01


 norm   iter    v-error     n-error     p-error     iiter
  XR      1    1.7192E+01  5.8165E+00  9.2834E+00     0
  XR      2    1.2725E+00  9.8119E-01  3.3864E+01     0
  XR      3    1.2716E-10  5.6953E-01  1.9725E+01     0
  XR      4    1.9558E-11  1.0772E-02  7.9313E-01     0
  XR      5    2.9464E-14  0.0000E+00  2.2124E-03     0
  XR      6*   8.7112E-17  0.0000E+00  0.0000E+00     0

   Electrode       Voltage       Flux      I(Electron)    I(Hole)     I(Total)  
      Name         (Volts)    (Coul/mic.)   (A/micron)   (A/micron)   (A/micron)
 --------------  -----------  -----------  -----------  -----------  -----------
 a                0.0000E+00  -6.9080E-17  -1.8271E-21  -4.6735E-15  -4.6735E-15
 c                4.4444E-01   6.9153E-17   4.6735E-15   1.2991E-21   4.6735E-15
 
 Absolute convergence criterion met for Poisson
 Absolute convergence criterion met for continuity
 Total cpu time for bias point =    0.00 minutes
 Total cpu time =    0.01 minutes
  
  Continuation method: 
 Slope: 1.278E-05      Device Resistance: 2.520E+14
   V:    1.6526     I: 9.467E-15
   R: 4.119E+04    Va: 1.653E+00
 Lte: 5.000E-02    dV: 1.208E+00    dI: 4.794E-15


 Solution for Bias:

   V(a)               =  0.0000000E+00     V(c)               =  1.6525774E+00


 norm   iter    v-error     n-error     p-error     iiter
  XR      1    7.5469E+00  1.1995E+01  1.8766E+03     0
  XR      2    1.6236E+00  1.7525E+00  1.4466E+00     0
  XR      3    5.5749E-01  2.5285E+00  1.4468E+00     0
  XR      4    1.1974E-11  5.3449E-01  3.7907E+00     0
  XR      5    2.1157E-13  1.3452E-05  4.3643E-02     0
  XR      6*   9.0700E-17  0.0000E+00  7.7657E-06     0
  XR      7    2.0890E-17  0.0000E+00  0.0000E+00     0

   Electrode       Voltage       Flux      I(Electron)    I(Hole)     I(Total)  
      Name         (Volts)    (Coul/mic.)   (A/micron)   (A/micron)   (A/micron)
 --------------  -----------  -----------  -----------  -----------  -----------
 a                0.0000E+00  -6.9080E-17  -1.8388E-21  -1.1143E-14  -1.1143E-14
 c                1.6526E+00   6.9153E-17   1.1143E-14   1.2994E-21   1.1143E-14
 
 Absolute convergence criterion met for Poisson
 Absolute convergence criterion met for continuity
 Total cpu time for bias point =    0.00 minutes
 Total cpu time =    0.01 minutes
  
  Continuation method: 
 Slope: 3.837E-05      Device Resistance: 2.993E+14
   V:    2.2605     I: 1.317E-14
   R: 4.406E+05    Va: 2.261E+00
 Lte: 7.327E-02    dV: 6.080E-01    dI: 2.031E-15


 Solution for Bias:

   V(a)               =  0.0000000E+00     V(c)               =  2.2605276E+00


 norm   iter    v-error     n-error     p-error     iiter
  XR      1    3.2159E+00  3.2860E+00  3.2159E+00     0
  XR      2    5.1753E-11  9.2433E-01  1.6903E+01     0
  XR      3    1.3067E-10  4.3376E-03  1.6900E-01     0
  XR      4*   2.3736E-13  6.2696E-09  1.1656E-04     0
  XR      5*   3.5276E-16  0.0000E+00  2.2778E-07     0
  XR      6    2.4292E-17  0.0000E+00  0.0000E+00     0

   Electrode       Voltage       Flux      I(Electron)    I(Hole)     I(Total)  
      Name         (Volts)    (Coul/mic.)   (A/micron)   (A/micron)   (A/micron)
 --------------  -----------  -----------  -----------  -----------  -----------
 a                0.0000E+00  -6.9080E-17  -1.8428E-21  -1.2382E-14  -1.2382E-14
 c                2.2605E+00   6.9153E-17   1.2382E-14   1.2992E-21   1.2382E-14
 
 Absolute convergence criterion met for Poisson
 Absolute convergence criterion met for continuity
 Total cpu time for bias point =    0.00 minutes
 Total cpu time =    0.01 minutes
  
  Continuation method: 
 Slope: 1.024E-04      Device Resistance: 2.008E+14
   V:    3.6583     I: 1.934E-14
   R: 2.106E+06    Va: 3.658E+00
 Lte: 3.887E-02    dV: 1.398E+00    dI: 6.962E-15


 Solution for Bias:

   V(a)               =  0.0000000E+00     V(c)               =  3.6583041E+00


 norm   iter    v-error     n-error     p-error     iiter
  XR      1    3.5963E+00  2.9400E+02  1.2377E+01     0
  XR      2    1.2177E+00  6.2121E+00  3.3989E+00     0
  XR      3    2.3231E-10  1.3874E-02  1.2719E+01     0
  XR      4    1.2424E-10  1.3501E-06  7.7523E-02     0
  XR      5*   4.0026E-14  0.0000E+00  1.6784E-05     0
  XR      6    2.2597E-15  0.0000E+00  0.0000E+00     0

   Electrode       Voltage       Flux      I(Electron)    I(Hole)     I(Total)  
      Name         (Volts)    (Coul/mic.)   (A/micron)   (A/micron)   (A/micron)
 --------------  -----------  -----------  -----------  -----------  -----------
 a                0.0000E+00  -6.9080E-17  -1.8502E-21  -1.8298E-14  -1.8298E-14
 c                3.6583E+00   6.9153E-17   1.8298E-14   1.2810E-21   1.8298E-14
 
 Absolute convergence criterion met for Poisson
 Absolute convergence criterion met for continuity
 Total cpu time for bias point =    0.00 minutes
 Total cpu time =    0.02 minutes
  
  Continuation method: 
 Slope: 6.405E-05      Device Resistance: 4.776E+14
   V:    6.3282     I: 2.389E-14
   R: 1.959E+06    Va: 6.328E+00
 Lte: 3.916E-02    dV: 2.670E+00    dI: 5.590E-15


 Solution for Bias:

   V(a)               =  0.0000000E+00     V(c)               =  6.3282437E+00


 norm   iter    v-error     n-error     p-error     iiter
  XR      1    9.2874E+00  3.2388E+02  9.2873E+00     0
  XR      2    3.5375E+00  1.0042E+00  1.9900E+00     0
  XR      3    8.0144E-01  1.5907E-03  1.2460E+00     0
  XR      4    1.1467E-10  7.3647E-02  1.6466E+01     0
  XR      5    3.2552E-10  7.8654E-07  1.8957E-01     0
  XR      6*   1.8505E-12  0.0000E+00  1.5552E-05     0
  XR      7    6.9042E-15  0.0000E+00  0.0000E+00     0

   Electrode       Voltage       Flux      I(Electron)    I(Hole)     I(Total)  
      Name         (Volts)    (Coul/mic.)   (A/micron)   (A/micron)   (A/micron)
 --------------  -----------  -----------  -----------  -----------  -----------
 a                0.0000E+00  -6.9080E-17  -1.8594E-21  -2.6214E-14  -2.6214E-14
 c                6.3282E+00   6.9154E-17   2.6214E-14  -6.0509E-23   2.6214E-14
 
 Absolute convergence criterion met for Poisson
 Absolute convergence criterion met for continuity
 Total cpu time for bias point =    0.00 minutes
 Total cpu time =    0.02 minutes
  
  Continuation method: 
 Slope: 1.606E-04      Device Resistance: 3.170E+14
   V:    7.3282     I: 2.937E-14
   R: 8.180E+06    Va: 7.328E+00
 Lte: 8.485E-02    dV: 1.000E+00    dI: 3.155E-15


 Solution for Bias:

   V(a)               =  0.0000000E+00     V(c)               =  7.3282439E+00


 norm   iter    v-error     n-error     p-error     iiter
  XR      1    2.5918E+00  5.3911E+00  2.5918E+00     0
  XR      2    8.1970E-10  4.8028E-02  6.1640E+00     0
  XR      3    6.9463E-10  1.1222E-05  1.0521E-01     0
  XR      4*   1.2462E-11  1.8482E-08  2.2050E-04     0
  XR      5*   1.5107E-12  0.0000E+00  8.8765E-07     0
  XR      6    2.2527E-14  0.0000E+00  0.0000E+00     0

   Electrode       Voltage       Flux      I(Electron)    I(Hole)     I(Total)  
      Name         (Volts)    (Coul/mic.)   (A/micron)   (A/micron)   (A/micron)
 --------------  -----------  -----------  -----------  -----------  -----------
 a                0.0000E+00  -6.9080E-17  -1.8618E-21  -3.0057E-14  -3.0057E-14
 c                7.3282E+00   6.9154E-17   3.0057E-14  -2.5590E-21   3.0057E-14
 
 Absolute convergence criterion met for Poisson
 Absolute convergence criterion met for continuity
 Total cpu time for bias point =    0.00 minutes
 Total cpu time =    0.02 minutes
  
  Continuation method: 
 Slope: 2.131E-04      Device Resistance: 3.251E+14
   V:    9.0748     I: 3.543E-14
   R: 1.000E+07    Va: 9.075E+00
 Lte: 3.650E-02    dV: 1.747E+00    dI: 5.373E-15


 Solution for Bias:

   V(a)               =  0.0000000E+00     V(c)               =  9.0748347E+00


 norm   iter    v-error     n-error     p-error     iiter
  XR      1    3.4865E+00  9.9835E-01  8.7881E+00     0
  XR      2    2.5520E-10  9.1781E-01  9.7259E-01     0
  XR      3    2.8021E-10  2.1168E-03  2.9681E+00     0
  XR      4    6.3267E-11  0.0000E+00  1.1993E-03     0
  XR      5*   1.0221E-11  0.0000E+00  0.0000E+00     0

   Electrode       Voltage       Flux      I(Electron)    I(Hole)     I(Total)  
      Name         (Volts)    (Coul/mic.)   (A/micron)   (A/micron)   (A/micron)
 --------------  -----------  -----------  -----------  -----------  -----------
 a                0.0000E+00  -6.9080E-17  -1.8651E-21  -3.4346E-14  -3.4346E-14
 c                9.0748E+00   6.9154E-17   3.4346E-14  -1.3488E-20   3.4346E-14
 
 Absolute convergence criterion met for Poisson
 Absolute convergence criterion met for continuity
 Total cpu time for bias point =    0.00 minutes
 Total cpu time =    0.02 minutes
  
  Continuation method: 
 Slope: 1.964E-04      Device Resistance: 4.225E+14
   V:   11.9056     I: 4.105E-14
   R: 1.000E+07    Va: 1.191E+01
 Lte: 3.288E-02    dV: 2.831E+00    dI: 6.700E-15


 Solution for Bias:

   V(a)               =  0.0000000E+00     V(c)               =  1.1905590E+01


 norm   iter    v-error     n-error     p-error     iiter
  XR      1    5.2312E+00  1.3740E+01  6.4382E+00     0
  XR      2    1.4734E+00  9.2745E+00  2.5532E+01     0
  XR      3    9.4261E-10  1.6439E-02  1.9182E+02     0
  XR      4    4.6371E-10  1.1043E-04  4.4569E-01     0
  XR      5    3.0036E-11  1.0333E-04  1.9691E-04     0
  XR      6*   1.5014E-10  0.0000E+00  0.0000E+00     0

   Electrode       Voltage       Flux      I(Electron)    I(Hole)     I(Total)  
      Name         (Volts)    (Coul/mic.)   (A/micron)   (A/micron)   (A/micron)
 --------------  -----------  -----------  -----------  -----------  -----------
 a                0.0000E+00  -6.9080E-17  -1.8692E-21  -4.3760E-14  -4.3760E-14
 c                1.1906E+01   6.9154E-17   4.3760E-14  -6.4876E-20   4.3760E-14
 
 Absolute convergence criterion met for Poisson
 Absolute convergence criterion met for continuity
 Total cpu time for bias point =    0.00 minutes
 Total cpu time =    0.02 minutes
  
  Continuation method: 
 Slope: 2.144E-04      Device Resistance: 4.938E+14
   V:   13.5168     I: 4.702E-14
   R: 1.000E+07    Va: 1.352E+01
 Lte: 5.687E-02    dV: 1.611E+00    dI: 3.263E-15


 Solution for Bias:

   V(a)               =  0.0000000E+00     V(c)               =  1.3516833E+01


 norm   iter    v-error     n-error     p-error     iiter
  XR      1    4.0768E+00  1.0144E+00  4.7866E+00     0
  XR      2    4.7911E-10  6.1750E-01  2.8182E+01     0
  XR      3    5.9438E-10  1.3871E-01  2.5102E-01     0
  XR      4*   4.1189E-11  3.4128E-04  1.0213E-03     0
  XR      5*   5.7748E-11  1.8654E-06  2.1805E-05     0
  XR      6    2.4090E-10  4.4768E-11  7.4573E-16     0

   Electrode       Voltage       Flux      I(Electron)    I(Hole)     I(Total)  
      Name         (Volts)    (Coul/mic.)   (A/micron)   (A/micron)   (A/micron)
 --------------  -----------  -----------  -----------  -----------  -----------
 a                0.0000E+00  -6.9080E-17  -1.8711E-21  -4.8171E-14  -4.8171E-14
 c                1.3517E+01   6.9154E-17   4.8172E-14  -1.2041E-19   4.8171E-14
 
 Absolute convergence criterion met for Poisson
 Absolute convergence criterion met for continuity
 Total cpu time for bias point =    0.00 minutes
 Total cpu time =    0.02 minutes
  
  Continuation method: 
 Slope: 5.699E-04      Device Resistance: 2.247E+14
   V:   16.0195     I: 5.931E-14
   R: 1.000E+07    Va: 1.602E+01
 Lte: 3.896E-02    dV: 2.503E+00    dI: 1.114E-14


 Solution for Bias:

   V(a)               =  0.0000000E+00     V(c)               =  1.6019549E+01


 norm   iter    v-error     n-error     p-error     iiter
  XR      1    9.5818E+00  5.3322E+00  1.1229E+01     0
  XR      2    1.1736E+00  9.9165E-01  4.5422E+01     0
  XR      3    3.0716E-10  2.3978E-01  3.6336E+01     0
  XR      4    1.0019E-09  6.9963E-02  1.4749E+01     0
  XR      5    3.8716E-10  0.0000E+00  0.0000E+00     0

   Electrode       Voltage       Flux      I(Electron)    I(Hole)     I(Total)  
      Name         (Volts)    (Coul/mic.)   (A/micron)   (A/micron)   (A/micron)
 --------------  -----------  -----------  -----------  -----------  -----------
 a                0.0000E+00  -6.9080E-17  -1.8734E-21  -5.9648E-14  -5.9648E-14
 c                1.6020E+01   6.9154E-17   5.9648E-14  -2.8889E-19   5.9648E-14
 
 Absolute convergence criterion met for Poisson
 Absolute convergence criterion met for continuity
 Total cpu time for bias point =    0.00 minutes
 Total cpu time =    0.02 minutes
  
  Continuation method: 
 Slope: 6.038E-04      Device Resistance: 2.461E+14
   V:   18.9241     I: 7.145E-14
   R: 1.000E+07    Va: 1.892E+01
 Lte: 7.022E-02    dV: 2.905E+00    dI: 1.180E-14


 Solution for Bias:

   V(a)               =  0.0000000E+00     V(c)               =  1.8924103E+01


 norm   iter    v-error     n-error     p-error     iiter
  XR      1    4.0337E+00  5.1056E+00  1.2050E+01     0
  XR      2    2.6686E-09  9.8914E-01  3.5663E+01     0
  XR      3    3.5501E-02  7.5140E-01  7.2119E+01     0
  XR      4    5.1333E-09  7.4080E-02  2.9154E-02     0
  XR      5    1.2919E-09  0.0000E+00  0.0000E+00     0

   Electrode       Voltage       Flux      I(Electron)    I(Hole)     I(Total)  
      Name         (Volts)    (Coul/mic.)   (A/micron)   (A/micron)   (A/micron)
 --------------  -----------  -----------  -----------  -----------  -----------
 a                0.0000E+00  -6.9080E-17  -1.8742E-21  -7.7448E-14  -7.7448E-14
 c                1.8924E+01   6.9154E-17   7.7449E-14  -6.8795E-19   7.7448E-14
 
 Absolute convergence criterion met for Poisson
 Absolute convergence criterion met for continuity
 Total cpu time for bias point =    0.00 minutes
 Total cpu time =    0.02 minutes
  
  Continuation method: 
 Slope: 1.480E-03      Device Resistance: 1.186E+14
   V:   22.3568     I: 1.064E-13
   R: 1.000E+07    Va: 2.236E+01
 Lte: 5.943E-02    dV: 3.433E+00    dI: 2.894E-14


 Solution for Bias:

   V(a)               =  0.0000000E+00     V(c)               =  2.2356818E+01


 norm   iter    v-error     n-error     p-error     iiter
  XR      1    3.9154E+00  5.6606E+00  9.3934E+00     0
  XR      2    1.1015E+00  1.6463E+00  5.0003E+00     0
  XR      3    1.3691E-09  3.1464E-02  8.4435E+00     0
  XR      4    2.2860E-08  2.2229E+00  2.7629E+00     0
  XR      5    6.1943E-09  0.0000E+00  0.0000E+00     0

   Electrode       Voltage       Flux      I(Electron)    I(Hole)     I(Total)  
      Name         (Volts)    (Coul/mic.)   (A/micron)   (A/micron)   (A/micron)
 --------------  -----------  -----------  -----------  -----------  -----------
 a                0.0000E+00  -6.9080E-17  -1.7132E-21  -1.4444E-13  -1.4444E-13
 c                2.2357E+01   6.9154E-17   1.4445E-13  -3.0069E-18   1.4444E-13
 
 Absolute convergence criterion met for Poisson
 Absolute convergence criterion met for continuity
 Total cpu time for bias point =    0.00 minutes
 Total cpu time =    0.02 minutes
  
  Continuation method: 
 Slope: 5.263E-03      Device Resistance: 3.935E+13
   V:   26.4085     I: 2.474E-13
   R: 1.000E+07    Va: 2.641E+01
 Lte: 5.379E-02    dV: 4.052E+00    dI: 1.030E-13


 Solution for Bias:

   V(a)               =  0.0000000E+00     V(c)               =  2.6408486E+01


 norm   iter    v-error     n-error     p-error     iiter
  XR      1    8.1321E+00  3.9224E+00  1.4066E+01     0
  XR      2    8.6565E+00  9.9825E-01  1.5384E+01     0
  XR      3    3.3944E+00  2.5018E+00  5.0472E+01     0
  XR      4    7.0050E-01  3.6520E+00  6.9936E+01     0
  XR      5    2.7496E-08  7.1120E+00  1.3804E+02     0
  XR      6    1.9040E-08  2.7213E+01  3.4910E+01     0
  XR      7    1.3281E-10  3.4169E+00  1.1485E+01     0
  XR      8    1.3178E-10  5.7195E+00  8.8855E+00     0
  XR      9    3.2730E-10  9.3754E+00  1.1464E+01     0

  *****         Convergence problem         *****
  *****    Repeat with smaller bias-step    *****


 Total cpu time for bias point =    0.00 minutes
 Total cpu time =    0.03 minutes
  
  Continuation method: 
 Slope: 5.263E-03      Device Resistance: 3.935E+13
   V:   23.7074     I: 1.788E-13
   R: 1.000E+07    Va: 2.371E+01
 Lte: 0.000E+00    dV: 1.351E+00    dI: 3.432E-14


 Solution for Bias:

   V(a)               =  0.0000000E+00     V(c)               =  2.3707374E+01


 norm   iter    v-error     n-error     p-error     iiter
  XR      1    1.9078E+00  1.7028E+00  1.1951E+01     0
  XR      2    5.4500E-08  9.9231E-01  8.7001E+01     0
  XR      3    3.6870E-10  3.3297E-02  1.1103E-01     0
  XR      4*   2.1412E-08  1.1721E+00  1.3421E+00     0
  XR      5    7.9666E-06  1.8002E+00  2.2240E+00     0
  XR      6    3.4720E-08  2.2249E+00  2.8138E+00     0
  XR      7    1.1816E-08  3.1913E+00  4.1356E+00     0
  XR      8    1.2308E-08  4.7055E+00  6.2830E+00     0
  XR      9    8.2605E-09  9.3626E+00  1.2614E+01     0

  *****         Convergence problem         *****
  *****    Repeat with smaller bias-step    *****


 Total cpu time for bias point =    0.00 minutes
 Total cpu time =    0.03 minutes
  
  Continuation method: 
 Slope: 5.263E-03      Device Resistance: 3.935E+13
   V:   22.8070     I: 1.559E-13
   R: 1.000E+07    Va: 2.281E+01
 Lte: 0.000E+00    dV: 4.502E-01    dI: 1.144E-14


 Solution for Bias:

   V(a)               =  0.0000000E+00     V(c)               =  2.2807003E+01


 norm   iter    v-error     n-error     p-error     iiter
  XR      1    2.3964E-08  7.0875E-01  1.8062E+00     0
  XR      2    4.1267E-08  6.2291E-01  7.3745E-01     0
  XR      3    1.3579E-11  1.7040E-02  7.2426E-02     0
  XR      4*   8.9792E-09  7.5375E-01  6.0101E-01     0
  XR      5    3.2718E-08  4.1654E-01  1.7635E+00     0
  XR      6    1.0314E-09  0.0000E+00  0.0000E+00     0

   Electrode       Voltage       Flux      I(Electron)    I(Hole)     I(Total)  
      Name         (Volts)    (Coul/mic.)   (A/micron)   (A/micron)   (A/micron)
 --------------  -----------  -----------  -----------  -----------  -----------
 a                0.0000E+00  -6.9080E-17  -1.3255E-21  -2.0914E-13  -2.0914E-13
 c                2.2807E+01   6.9154E-17   2.0914E-13  -5.6396E-18   2.0914E-13
 
 Absolute convergence criterion met for Poisson
 Absolute convergence criterion met for continuity
 Total cpu time for bias point =    0.00 minutes
 Total cpu time =    0.03 minutes
  
  Continuation method: 
 Slope: 3.848E-02      Device Resistance: 5.883E+12
   V:   23.4387     I: 3.165E-13
   R: 1.000E+07    Va: 2.344E+01
 Lte: 9.995E-03    dV: 6.317E-01    dI: 1.074E-13


 Solution for Bias:

   V(a)               =  0.0000000E+00     V(c)               =  2.3438692E+01


 norm   iter    v-error     n-error     p-error     iiter
  XR      1    6.9494E-02  1.3461E+00  1.9526E+00     0
  XR      2    1.1556E-07  2.1744E+00  1.1455E+00     0
  XR      3    5.3260E-10  6.3148E-02  7.6123E-02     0
  XR      4*   1.6822E-08  1.1112E+00  1.3312E+00     0
  XR      5    1.2810E-05  3.2750E+00  4.1408E+00     0
  XR      6    1.7823E-07  2.5645E+00  3.3255E+00     0
  XR      7    5.3457E-09  4.4392E+00  5.8524E+00     0
  XR      8    2.2926E-08  9.4729E+00  1.2580E+01     0
  XR      9    5.7016E-08  3.9763E+01  8.9093E+00     0

  *****         Convergence problem         *****
  *****    Repeat with smaller bias-step    *****


 Total cpu time for bias point =    0.00 minutes
 Total cpu time =    0.03 minutes
  
  Continuation method: 
 Slope: 3.848E-02      Device Resistance: 5.883E+12
   V:   23.0176     I: 2.449E-13
   R: 1.000E+07    Va: 2.302E+01
 Lte: 0.000E+00    dV: 2.106E-01    dI: 3.579E-14


 Solution for Bias:

   V(a)               =  0.0000000E+00     V(c)               =  2.3017566E+01


 norm   iter    v-error     n-error     p-error     iiter
  XR      1    3.6254E-08  3.3478E-01  3.6313E-01     0
  XR      2    8.9980E-08  6.9238E-01  7.9447E-01     0
  XR      3    1.6350E-07  1.2519E+01  1.7251E+01     0
  XR      4    7.3706E-08  4.8752E-02  3.6822E-01     0
  XR      5    2.6323E-10  0.0000E+00  0.0000E+00     0

   Electrode       Voltage       Flux      I(Electron)    I(Hole)     I(Total)  
      Name         (Volts)    (Coul/mic.)   (A/micron)   (A/micron)   (A/micron)
 --------------  -----------  -----------  -----------  -----------  -----------
 a                0.0000E+00  -6.9080E-17  -5.0443E-22  -3.2735E-13  -3.2735E-13
 c                2.3018E+01   6.9154E-17   3.2736E-13  -1.0581E-17   3.2735E-13
 
 Absolute convergence criterion met for Poisson
 Absolute convergence criterion met for continuity
 Total cpu time for bias point =    0.00 minutes
 Total cpu time =    0.03 minutes
  
  Continuation method: 
 Slope: 1.572E-01      Device Resistance: 1.460E+12
   V:   23.3123     I: 5.293E-13
   R: 1.000E+07    Va: 2.331E+01
 Lte: 7.771E-04    dV: 2.947E-01    dI: 2.019E-13


 Solution for Bias:

   V(a)               =  0.0000000E+00     V(c)               =  2.3312313E+01


 norm   iter    v-error     n-error     p-error     iiter
  XR      1    1.6971E-02  1.6541E+00  1.9911E+00     0
  XR      2    2.7647E-07  2.1768E+00  8.7420E-01     0
  XR      3    1.2948E-05  7.9686E+00  1.0352E+01     0
  XR      4    1.2610E-07  2.2402E+00  1.2236E+00     0
  XR      5    2.1010E-05  9.0162E+00  1.1613E+01     0
  XR      6    1.9143E-07  1.0043E+00  8.2684E-01     0
  XR      7    2.0422E-05  1.1381E+01  1.4788E+01     0
  XR      8    1.8867E-07  1.0215E+00  8.5417E-01     0
  XR      9    1.9823E-05  1.2203E+01  1.5912E+01     0

  *****         Convergence problem         *****
  *****    Repeat with smaller bias-step    *****


 Total cpu time for bias point =    0.00 minutes
 Total cpu time =    0.03 minutes
  
  Continuation method: 
 Slope: 1.572E-01      Device Resistance: 1.460E+12
   V:   23.1158     I: 3.947E-13
   R: 1.000E+07    Va: 2.312E+01
 Lte: 0.000E+00    dV: 9.825E-02    dI: 6.731E-14


 Solution for Bias:

   V(a)               =  0.0000000E+00     V(c)               =  2.3115815E+01


 norm   iter    v-error     n-error     p-error     iiter
  XR      1    5.7250E-08  2.6808E-01  7.4073E-02     0
  XR      2    1.7447E-07  7.3031E-01  8.6324E-01     0
  XR      3    2.4975E-06  1.8170E+02  2.4525E+02     0
  XR      4    2.3204E-06  8.5427E-01  9.1608E-01     0
  XR      5    3.1447E-09  2.3829E-04  5.9249E-04     0
  XR      6*   2.6080E-10  0.0000E+00  0.0000E+00     0

   Electrode       Voltage       Flux      I(Electron)    I(Hole)     I(Total)  
      Name         (Volts)    (Coul/mic.)   (A/micron)   (A/micron)   (A/micron)
 --------------  -----------  -----------  -----------  -----------  -----------
 a                0.0000E+00  -6.9080E-17   9.2643E-22  -5.2536E-13  -5.2536E-13
 c                2.3116E+01   6.9154E-17   5.2538E-13  -1.8914E-17   5.2536E-13
 
 Absolute convergence criterion met for Poisson
 Absolute convergence criterion met for continuity
 Total cpu time for bias point =    0.00 minutes
 Total cpu time =    0.03 minutes
  
  Continuation method: 
 Slope: 5.723E-01      Device Resistance: 4.027E+11
   V:   23.2313     I: 8.121E-13
   R: 1.000E+07    Va: 2.323E+01
 Lte: 1.661E-04    dV: 1.155E-01    dI: 2.867E-13


 Solution for Bias:

   V(a)               =  0.0000000E+00     V(c)               =  2.3231270E+01


 norm   iter    v-error     n-error     p-error     iiter
  XR      1    6.8657E-05  1.5416E+02  1.7981E+02     0
  XR      2    2.2947E-05  3.2035E-01  3.3265E-01     0
  XR      3    3.0585E-05  6.1657E-01  6.6423E-01     0
  XR      4    4.1219E-06  2.0871E-01  2.5807E-01     0
  XR      5    2.9939E-06  2.0680E-01  2.2959E-01     0
  XR      6    7.1024E-08  2.7825E-03  6.8701E-03     0
  XR      7*   7.6035E-10  0.0000E+00  0.0000E+00     0

   Electrode       Voltage       Flux      I(Electron)    I(Hole)     I(Total)  
      Name         (Volts)    (Coul/mic.)   (A/micron)   (A/micron)   (A/micron)
 --------------  -----------  -----------  -----------  -----------  -----------
 a                0.0000E+00  -6.9080E-17   1.3847E-19  -1.9260E-11  -1.9260E-11
 c                2.3231E+01   6.9154E-17   1.9261E-11  -8.0960E-16   1.9260E-11
 
 Absolute convergence criterion met for Poisson
 Absolute convergence criterion met for continuity
 Total cpu time for bias point =    0.00 minutes
 Total cpu time =    0.03 minutes
  
  Continuation method: 
 Slope: 1.393E+03      Device Resistance: 1.401E+08
   V:   23.2311     I: 1.948E-11
   R: 1.000E+07    Va: 2.323E+01
 Lte: 5.738E-02    dV: 3.063E-05    dI: 2.186E-13


 Solution for Bias:

   V(a)               =  0.0000000E+00     V(c)               =  2.3231303E+01


 norm   iter    v-error     n-error     p-error     iiter
  XR      1    1.3183E-06  8.9150E-03  2.4931E-03     0
  XR      2    1.0412E-09  0.0000E+00  0.0000E+00     0
  XR      3*   2.7529E-11  0.0000E+00  0.0000E+00     0

   Electrode       Voltage       Flux      I(Electron)    I(Hole)     I(Total)  
      Name         (Volts)    (Coul/mic.)   (A/micron)   (A/micron)   (A/micron)
 --------------  -----------  -----------  -----------  -----------  -----------
 a                0.0000E+00  -6.9080E-17   1.4009E-19  -1.9481E-11  -1.9481E-11
 c                2.3231E+01   6.9154E-17   1.9482E-11  -8.1892E-16   1.9481E-11
 
 Absolute convergence criterion met for Poisson
 Absolute convergence criterion met for continuity
 Total cpu time for bias point =    0.00 minutes
 Total cpu time =    0.04 minutes
  
  Continuation method: 
 Slope: 1.426E+03      Device Resistance: 1.369E+08
   V:   23.2312     I: 2.009E-11
   R: 7.476E+09    Va: 2.338E+01
 Lte: 2.257E-04    dV: 8.325E-05    dI: 6.080E-13


 Solution for Bias:

   V(a)               =  0.0000000E+00     V(c)               =  2.3381385E+01


 norm   iter    v-error     n-error     p-error     iiter
  XR      1    1.0783E-07  8.5906E-07  0.0000E+00     0
  XR      2    4.7474E-10  0.0000E+00  0.0000E+00     0

   Electrode       Voltage       Flux      I(Electron)    I(Hole)     I(Total)  
      Name         (Volts)    (Coul/mic.)   (A/micron)   (A/micron)   (A/micron)
 --------------  -----------  -----------  -----------  -----------  -----------
 a                0.0000E+00  -6.9080E-17   1.4455E-19  -2.0089E-11  -2.0089E-11
 c                2.3231E+01   6.9154E-17   2.0090E-11  -8.4460E-16   2.0089E-11
 
 Absolute convergence criterion met for Poisson
 Absolute convergence criterion met for continuity
 Total cpu time for bias point =    0.00 minutes
 Total cpu time =    0.04 minutes
  
  Continuation method: 
 Slope: 1.509E+03      Device Resistance: 1.287E+08
   V:   23.2314     I: 2.175E-11
   R: 7.027E+09    Va: 2.338E+01
 Lte: 1.423E-05    dV: 2.138E-04    dI: 1.661E-12


 Solution for Bias:

   V(a)               =  0.0000000E+00     V(c)               =  2.3384252E+01


 norm   iter    v-error     n-error     p-error     iiter
  XR      1    7.1848E-07  1.4680E-03  4.1076E-04     0
  XR      2    2.1770E-08  0.0000E+00  0.0000E+00     0

   Electrode       Voltage       Flux      I(Electron)    I(Hole)     I(Total)  
      Name         (Volts)    (Coul/mic.)   (A/micron)   (A/micron)   (A/micron)
 --------------  -----------  -----------  -----------  -----------  -----------
 a                0.0000E+00  -6.9080E-17   1.5677E-19  -2.1753E-11  -2.1753E-11
 c                2.3231E+01   6.9154E-17   2.1753E-11  -9.1479E-16   2.1753E-11
 
 Absolute convergence criterion met for Poisson
 Absolute convergence criterion met for continuity
 Total cpu time for bias point =    0.00 minutes
 Total cpu time =    0.04 minutes
  
  Continuation method: 
 Slope: 1.748E+03      Device Resistance: 1.097E+08
   V:   23.2319     I: 2.616E-11
   R: 5.987E+09    Va: 2.339E+01
 Lte: 3.476E-05    dV: 4.838E-04    dI: 4.412E-12


 Solution for Bias:

   V(a)               =  0.0000000E+00     V(c)               =  2.3388518E+01


 norm   iter    v-error     n-error     p-error     iiter
  XR      1    4.1129E-06  7.4868E-03  2.0940E-03     0
  XR      2    6.0219E-07  4.1862E-03  1.0323E-02     0
  XR      3    2.0511E-08  0.0000E+00  0.0000E+00     0

   Electrode       Voltage       Flux      I(Electron)    I(Hole)     I(Total)  
      Name         (Volts)    (Coul/mic.)   (A/micron)   (A/micron)   (A/micron)
 --------------  -----------  -----------  -----------  -----------  -----------
 a                0.0000E+00  -6.9080E-17   1.8926E-19  -2.6178E-11  -2.6178E-11
 c                2.3232E+01   6.9154E-17   2.6179E-11  -1.1016E-15   2.6178E-11
 
 Absolute convergence criterion met for Poisson
 Absolute convergence criterion met for continuity
 Total cpu time for bias point =    0.00 minutes
 Total cpu time =    0.04 minutes
  
  Continuation method: 
 Slope: 2.449E+03      Device Resistance: 7.551E+07
   V:   23.2325     I: 3.550E-11
   R: 4.123E+09    Va: 2.338E+01
 Lte: 2.525E-04    dV: 7.040E-04    dI: 9.324E-12


 Solution for Bias:

   V(a)               =  0.0000000E+00     V(c)               =  2.3378850E+01


 norm   iter    v-error     n-error     p-error     iiter
  XR      1    1.2704E-05  1.3496E-02  6.2198E-03     0
  XR      2    3.7949E-06  1.7471E-02  4.3417E-02     0
  XR      3    9.6872E-07  2.2809E-02  5.6683E-02     0
  XR      4    8.3173E-09  0.0000E+00  0.0000E+00     0

   Electrode       Voltage       Flux      I(Electron)    I(Hole)     I(Total)  
      Name         (Volts)    (Coul/mic.)   (A/micron)   (A/micron)   (A/micron)
 --------------  -----------  -----------  -----------  -----------  -----------
 a                0.0000E+00  -6.9080E-17   2.5805E-19  -3.5546E-11  -3.5546E-11
 c                2.3232E+01   6.9154E-17   3.5548E-11  -1.4969E-15   3.5546E-11
 
 Absolute convergence criterion met for Poisson
 Absolute convergence criterion met for continuity
 Total cpu time for bias point =    0.00 minutes
 Total cpu time =    0.04 minutes
  
  Continuation method: 
 Slope: 4.225E+03      Device Resistance: 4.074E+07
   V:   23.2330     I: 5.264E-11
   R: 2.224E+09    Va: 2.335E+01
 Lte: 2.654E-03    dV: 6.965E-04    dI: 1.710E-11


 Solution for Bias:

   V(a)               =  0.0000000E+00     V(c)               =  2.3350099E+01


 norm   iter    v-error     n-error     p-error     iiter
  XR      1    2.2614E-05  1.0299E-02  2.0166E-02     0
  XR      2    8.4137E-06  3.4646E-03  1.1099E-02     0
  XR      3    4.3774E-06  9.5609E-03  2.2577E-02     0
  XR      4    8.2226E-08  2.0490E-02  4.7768E-02     0
  XR      5*   6.4530E-09  1.3121E-08  1.8492E-13     0

   Electrode       Voltage       Flux      I(Electron)    I(Hole)     I(Total)  
      Name         (Volts)    (Coul/mic.)   (A/micron)   (A/micron)   (A/micron)
 --------------  -----------  -----------  -----------  -----------  -----------
 a                0.0000E+00  -6.9080E-17   3.8434E-19  -5.2745E-11  -5.2745E-11
 c                2.3233E+01   6.9154E-17   5.2747E-11  -2.2228E-15   5.2745E-11
 
 Absolute convergence criterion met for Poisson
 Absolute convergence criterion met for continuity
 Total cpu time for bias point =    0.00 minutes
 Total cpu time =    0.04 minutes
  
  Continuation method: 
 Slope: 8.329E+03      Device Resistance: 1.834E+07
   V:   23.2332     I: 7.748E-11
   R: 1.001E+09    Va: 2.331E+01
 Lte: 1.108E-02    dV: 4.537E-04    dI: 2.474E-11


 Solution for Bias:

   V(a)               =  0.0000000E+00     V(c)               =  2.3310818E+01


 norm   iter    v-error     n-error     p-error     iiter
  XR      1    1.9487E-05  1.8890E-02  3.1625E-02     0
  XR      2    1.2062E-05  2.7865E-03  8.1086E-03     0
  XR      3    1.0044E-06  7.8694E-05  1.5197E-04     0
  XR      4*   1.6394E-07  1.6705E-02  4.1627E-02     0
  XR      5    2.4023E-09  0.0000E+00  0.0000E+00     0

   Electrode       Voltage       Flux      I(Electron)    I(Hole)     I(Total)  
      Name         (Volts)    (Coul/mic.)   (A/micron)   (A/micron)   (A/micron)
 --------------  -----------  -----------  -----------  -----------  -----------
 a                0.0000E+00  -6.9080E-17   5.6705E-19  -7.7628E-11  -7.7628E-11
 c                2.3233E+01   6.9154E-17   7.7631E-11  -3.2730E-15   7.7628E-11
 
 Absolute convergence criterion met for Poisson
 Absolute convergence criterion met for continuity
 Total cpu time for bias point =    0.00 minutes
 Total cpu time =    0.04 minutes
  
  Continuation method: 
 Slope: 1.571E+04      Device Resistance: 8.362E+06
   V:   23.2334     I: 1.146E-10
   R: 4.566E+08    Va: 2.329E+01
 Lte: 1.140E-02    dV: 3.089E-04    dI: 3.694E-11


 Solution for Bias:

   V(a)               =  0.0000000E+00     V(c)               =  2.3285704E+01


 norm   iter    v-error     n-error     p-error     iiter
  XR      1    1.7853E-05  1.6441E-02  3.8124E-02     0
  XR      2    1.3096E-05  4.4916E-03  3.8957E-03     0
  XR      3    3.3154E-07  1.1453E-04  1.4584E-04     0
  XR      4*   1.0538E-07  1.5953E-02  3.9754E-02     0
  XR      5    1.6682E-10  0.0000E+00  0.0000E+00     0

   Electrode       Voltage       Flux      I(Electron)    I(Hole)     I(Total)  
      Name         (Volts)    (Coul/mic.)   (A/micron)   (A/micron)   (A/micron)
 --------------  -----------  -----------  -----------  -----------  -----------
 a                0.0000E+00  -6.9080E-17   8.3988E-19  -1.1479E-10  -1.1479E-10
 c                2.3233E+01   6.9154E-17   1.1479E-10  -4.8412E-15   1.1479E-10
 
 Absolute convergence criterion met for Poisson
 Absolute convergence criterion met for continuity
 Total cpu time for bias point =    0.00 minutes
 Total cpu time =    0.04 minutes
  
  Continuation method: 
 Slope: 2.891E+04      Device Resistance: 3.757E+06
   V:   23.2335     I: 1.721E-10
   R: 2.052E+08    Va: 2.327E+01
 Lte: 1.636E-02    dV: 2.155E-04    dI: 5.735E-11


 Solution for Bias:

   V(a)               =  0.0000000E+00     V(c)               =  2.3268826E+01


 norm   iter    v-error     n-error     p-error     iiter
  XR      1    1.8380E-05  3.3202E-02  4.7119E-02     0
  XR      2    1.4924E-05  7.5632E-03  8.4302E-03     0
  XR      3    2.4484E-07  1.2561E-04  1.3920E-04     0
  XR      4*   7.8796E-08  1.4876E-02  3.7067E-02     0
  XR      5    6.8932E-11  0.0000E+00  0.0000E+00     0

   Electrode       Voltage       Flux      I(Electron)    I(Hole)     I(Total)  
      Name         (Volts)    (Coul/mic.)   (A/micron)   (A/micron)   (A/micron)
 --------------  -----------  -----------  -----------  -----------  -----------
 a                0.0000E+00  -6.9080E-17   1.2636E-18  -1.7249E-10  -1.7249E-10
 c                2.3233E+01   6.9154E-17   1.7250E-10  -7.2767E-15   1.7249E-10
 
 Absolute convergence criterion met for Poisson
 Absolute convergence criterion met for continuity
 Total cpu time for bias point =    0.00 minutes
 Total cpu time =    0.04 minutes
  
  Continuation method: 
 Slope: 5.276E+04      Device Resistance: 1.623E+06
   V:   23.2336     I: 2.716E-10
   R: 8.862E+07    Va: 2.326E+01
 Lte: 1.454E-02    dV: 1.609E-04    dI: 9.911E-11


 Solution for Bias:

   V(a)               =  0.0000000E+00     V(c)               =  2.3257669E+01


 norm   iter    v-error     n-error     p-error     iiter
  XR      1    2.4264E-05  3.6389E-02  6.3072E-02     0
  XR      2    2.1052E-05  1.5494E-02  1.9861E-02     0
  XR      3    5.1143E-07  6.5078E-04  1.8366E-03     0
  XR      4*   1.2533E-07  1.3326E-02  3.3185E-02     0
  XR      5    2.7678E-10  0.0000E+00  0.0000E+00     0

   Electrode       Voltage       Flux      I(Electron)    I(Hole)     I(Total)  
      Name         (Volts)    (Coul/mic.)   (A/micron)   (A/micron)   (A/micron)
 --------------  -----------  -----------  -----------  -----------  -----------
 a                0.0000E+00  -6.9080E-17   1.9962E-18  -2.7227E-10  -2.7227E-10
 c                2.3234E+01   6.9154E-17   2.7228E-10  -1.1488E-14   2.7227E-10
 
 Absolute convergence criterion met for Poisson
 Absolute convergence criterion met for continuity
 Total cpu time for bias point =    0.00 minutes
 Total cpu time =    0.04 minutes
  
  Continuation method: 
 Slope: 9.961E+04      Device Resistance: 6.293E+05
   V:   23.2336     I: 4.461E-10
   R: 3.436E+07    Va: 2.325E+01
 Lte: 2.063E-02    dV: 1.094E-04    dI: 1.739E-10


 Solution for Bias:

   V(a)               =  0.0000000E+00     V(c)               =  2.3248977E+01


 norm   iter    v-error     n-error     p-error     iiter
  XR      1    3.0841E-05  5.9055E-02  9.2922E-02     0
  XR      2    2.7627E-05  3.4978E-02  4.0019E-02     0
  XR      3    1.2021E-06  1.4173E-03  3.9645E-04     0
  XR      4*   1.3860E-07  1.1229E-02  2.7970E-02     0
  XR      5    1.0308E-09  0.0000E+00  0.0000E+00     0

   Electrode       Voltage       Flux      I(Electron)    I(Hole)     I(Total)  
      Name         (Volts)    (Coul/mic.)   (A/micron)   (A/micron)   (A/micron)
 --------------  -----------  -----------  -----------  -----------  -----------
 a                0.0000E+00  -6.9080E-17   3.2820E-18  -4.4739E-10  -4.4739E-10
 c                2.3234E+01   6.9154E-17   4.4741E-10  -1.8879E-14   4.4739E-10
 
 Absolute convergence criterion met for Poisson
 Absolute convergence criterion met for continuity
 Total cpu time for bias point =    0.00 minutes
 Total cpu time =    0.04 minutes
  
  Continuation method: 
 Slope: 1.899E+05      Device Resistance: 2.244E+05
   V:   23.2337     I: 8.929E-10
   R: 1.225E+07    Va: 2.324E+01
 Lte: 2.496E-02    dV: 1.000E-04    dI: 4.455E-10


 Solution for Bias:

   V(a)               =  0.0000000E+00     V(c)               =  2.3244648E+01


 norm   iter    v-error     n-error     p-error     iiter
  XR      1    9.1659E-05  1.7079E-01  2.1725E-01     0
  XR      2    7.5037E-05  1.2622E-01  1.3338E-01     0
  XR      3    1.2388E-05  1.9854E-02  2.5401E-02     0
  XR      4    2.0804E-06  3.4193E-03  9.5925E-04     0
  XR      5    1.0496E-08  8.7250E-03  2.1737E-02     0
  XR      6*   1.4567E-12  0.0000E+00  0.0000E+00     0

   Electrode       Voltage       Flux      I(Electron)    I(Hole)     I(Total)  
      Name         (Volts)    (Coul/mic.)   (A/micron)   (A/micron)   (A/micron)
 --------------  -----------  -----------  -----------  -----------  -----------
 a                0.0000E+00  -6.9080E-17   6.5834E-18  -8.9701E-10  -8.9701E-10
 c                2.3234E+01   6.9154E-17   8.9704E-10  -3.7856E-14   8.9701E-10
 
 Absolute convergence criterion met for Poisson
 Absolute convergence criterion met for continuity
 Total cpu time for bias point =    0.00 minutes
 Total cpu time =    0.04 minutes
  
  Continuation method: 
 Slope: 4.134E+05      Device Resistance: 5.662E+04
   V:   23.2337     I: 2.438E-09
   R: 3.091E+06    Va: 2.324E+01
 Lte: 2.641E-02    dV: 8.726E-05    dI: 1.541E-09


 Solution for Bias:

   V(a)               =  0.0000000E+00     V(c)               =  2.3241280E+01


 norm   iter    v-error     n-error     p-error     iiter
  XR      1    5.6675E-04  1.2752E+00  1.5353E+00     0
  XR      2    2.9984E-04  3.2718E-01  3.3624E-01     0
  XR      3    1.7343E-04  2.8463E-01  2.9311E-01     0
  XR      4    7.2194E-05  1.6743E-01  1.7262E-01     0
  XR      5    1.8251E-05  4.7745E-02  5.2750E-02     0
  XR      6    1.2031E-06  2.8691E-03  8.0268E-04     0
  XR      7*   5.2590E-09  4.0453E-03  1.0080E-02     0
  XR      8*   4.6461E-11  0.0000E+00  0.0000E+00     0

   Electrode       Voltage       Flux      I(Electron)    I(Hole)     I(Total)  
      Name         (Volts)    (Coul/mic.)   (A/micron)   (A/micron)   (A/micron)
 --------------  -----------  -----------  -----------  -----------  -----------
 a                0.0000E+00  -6.9080E-17   1.8015E-17  -2.4538E-09  -2.4538E-09
 c                2.3234E+01   6.9154E-17   2.4539E-09  -1.0356E-13   2.4538E-09
 
 Absolute convergence criterion met for Poisson
 Absolute convergence criterion met for continuity
 Total cpu time for bias point =    0.00 minutes
 Total cpu time =    0.05 minutes
  
  Continuation method: 
 Slope: 6.197E+05      Device Resistance: 1.474E+04
   V:   23.2338     I: 6.670E-09
   R: 8.050E+05    Va: 2.324E+01
 Lte: 3.403E-02    dV: 6.217E-05    dI: 4.216E-09


 Solution for Bias:

   V(a)               =  0.0000000E+00     V(c)               =  2.3239127E+01


 norm   iter    v-error     n-error     p-error     iiter
  XR      1    3.6653E-01  7.2563E+00  9.5240E+00     0
  XR      2    3.1841E-01  9.7982E-01  1.2886E+00     0
  XR      3    4.4833E-04  9.7796E-01  2.4443E+01     0
  XR      4    4.3807E-07  2.0244E+00  1.3894E+00     0
  XR      5    1.5422E-06  4.0721E+00  9.9585E+00     0
  XR      6    9.6906E-07  3.4691E+00  4.4861E+00     0
  XR      7    3.5876E-07  3.7877E+00  4.9580E+00     0
  XR      8    7.4787E-08  7.7630E+00  1.0152E+01     0
  XR      9    7.1964E-09  1.1163E+01  6.5388E+00     0

  *****         Convergence problem         *****
  *****    Repeat with smaller bias-step    *****


 Total cpu time for bias point =    0.00 minutes
 Total cpu time =    0.05 minutes
  
  Continuation method: 
 Slope: 6.197E+05      Device Resistance: 1.474E+04
   V:   23.2337     I: 3.859E-09
   R: 8.050E+05    Va: 2.324E+01
 Lte: 0.000E+00    dV: 2.072E-05    dI: 1.405E-09


 Solution for Bias:

   V(a)               =  0.0000000E+00     V(c)               =  2.3236823E+01


 norm   iter    v-error     n-error     p-error     iiter
  XR      1    8.9647E-05  5.3320E-01  5.7726E-01     0
  XR      2    6.3906E-05  2.7806E-01  2.8604E-01     0
  XR      3    2.2062E-05  1.3141E-01  1.3831E-01     0
  XR      4    3.4819E-06  1.9803E-02  2.5334E-02     0
  XR      5    9.0993E-08  3.5028E-03  8.7113E-03     0
  XR      6*   6.2233E-11  0.0000E+00  0.0000E+00     0

   Electrode       Voltage       Flux      I(Electron)    I(Hole)     I(Total)  
      Name         (Volts)    (Coul/mic.)   (A/micron)   (A/micron)   (A/micron)
 --------------  -----------  -----------  -----------  -----------  -----------
 a                0.0000E+00  -6.9080E-17   2.8361E-17  -3.8625E-09  -3.8625E-09
 c                2.3234E+01   6.9154E-17   3.8627E-09  -1.6302E-13   3.8625E-09
 
 Absolute convergence criterion met for Poisson
 Absolute convergence criterion met for continuity
 Total cpu time for bias point =    0.00 minutes
 Total cpu time =    0.05 minutes
  
  Continuation method: 
 Slope: 5.023E+05      Device Resistance: 1.172E+04
   V:   23.2338     I: 8.668E-09
   R: 6.400E+05    Va: 2.324E+01
 Lte: 1.976E-02    dV: 5.633E-05    dI: 4.806E-09


 Solution for Bias:

   V(a)               =  0.0000000E+00     V(c)               =  2.3239318E+01


 norm   iter    v-error     n-error     p-error     iiter
  XR      1    4.9317E-04  6.5372E-01  9.5919E-01     0
  XR      2    2.9328E-04  3.8989E-01  4.0049E-01     0
  XR      3    1.3667E-04  3.0289E-01  3.1133E-01     0
  XR      4    5.2175E-05  1.6794E-01  1.7262E-01     0
  XR      5    1.0556E-05  3.8232E-02  4.2215E-02     0
  XR      6    4.6864E-07  5.0142E-06  3.7061E-05     0

   Electrode       Voltage       Flux      I(Electron)    I(Hole)     I(Total)  
      Name         (Volts)    (Coul/mic.)   (A/micron)   (A/micron)   (A/micron)
 --------------  -----------  -----------  -----------  -----------  -----------
 a                0.0000E+00  -6.9080E-17   6.3713E-17  -8.6751E-09  -8.6751E-09
 c                2.3234E+01   6.9154E-17   8.6754E-09  -3.6613E-13   8.6751E-09
 
 Absolute convergence criterion met for Poisson
 Absolute convergence criterion met for continuity
 Total cpu time for bias point =    0.00 minutes
 Total cpu time =    0.05 minutes
  
  Continuation method: 
 Slope: 2.559E+05      Device Resistance: 1.039E+04
   V:   23.2339     I: 2.234E-08
   R: 5.673E+05    Va: 2.325E+01
 Lte: 3.957E-02    dV: 1.420E-04    dI: 1.366E-08


 Solution for Bias:

   V(a)               =  0.0000000E+00     V(c)               =  2.3246580E+01


 norm   iter    v-error     n-error     p-error     iiter
  XR      1    3.3106E-04  5.7042E-01  9.2401E-01     0
  XR      2    2.1549E-04  2.4731E-01  2.7093E+00     0
  XR      3    6.6961E-05  1.0506E-01  1.0784E-01     0
  XR      4    8.1339E-06  1.3298E-02  1.4684E-02     0
  XR      5    1.2312E-07  4.1512E-04  1.0355E-03     0
  XR      6*   2.8257E-11  0.0000E+00  0.0000E+00     0

   Electrode       Voltage       Flux      I(Electron)    I(Hole)     I(Total)  
      Name         (Volts)    (Coul/mic.)   (A/micron)   (A/micron)   (A/micron)
 --------------  -----------  -----------  -----------  -----------  -----------
 a                0.0000E+00  -6.9080E-17   1.6419E-16  -2.2343E-08  -2.2343E-08
 c                2.3234E+01   6.9154E-17   2.2344E-08  -9.4294E-13   2.2343E-08
 
 Absolute convergence criterion met for Poisson
 Absolute convergence criterion met for continuity
 Total cpu time for bias point =    0.00 minutes
 Total cpu time =    0.05 minutes
  
  Continuation method: 
 Slope: 1.021E+05      Device Resistance: 1.019E+04
   V:   23.2343     I: 5.729E-08
   R: 5.561E+05    Va: 2.327E+01
 Lte: 8.491E-02    dV: 3.560E-04    dI: 3.495E-08


 Solution for Bias:

   V(a)               =  0.0000000E+00     V(c)               =  2.3266123E+01


 norm   iter    v-error     n-error     p-error     iiter
  XR      1    6.1959E-04  7.2887E-01  9.9701E-01     0
  XR      2    1.7855E-04  1.0017E-01  8.2291E-01     0
  XR      3    2.2653E-05  1.5926E-02  1.6242E-02     0
  XR      4    3.8854E-07  3.2204E-06  2.0501E-05     0
  XR      5*   1.1395E-10  0.0000E+00  0.0000E+00     0

   Electrode       Voltage       Flux      I(Electron)    I(Hole)     I(Total)  
      Name         (Volts)    (Coul/mic.)   (A/micron)   (A/micron)   (A/micron)
 --------------  -----------  -----------  -----------  -----------  -----------
 a                0.0000E+00  -6.9080E-17   4.2164E-16  -5.7291E-08  -5.7291E-08
 c                2.3234E+01   6.9154E-17   5.7293E-08  -2.4176E-12   5.7291E-08
 
 Absolute convergence criterion met for Poisson
 Absolute convergence criterion met for continuity
 Total cpu time for bias point =    0.00 minutes
 Total cpu time =    0.05 minutes
  
  Continuation method: 
 Slope: 4.001E+04      Device Resistance: 1.016E+04
   V:   23.2352     I: 1.467E-07
   R: 5.549E+05    Va: 2.332E+01
 Lte: 1.024E-01    dV: 9.082E-04    dI: 8.937E-08


 Solution for Bias:

   V(a)               =  0.0000000E+00     V(c)               =  2.3316546E+01


 norm   iter    v-error     n-error     p-error     iiter
  XR      1    5.6920E-04  7.4967E-01  9.8983E-01     0
  XR      2    1.7560E-04  3.8900E-02  8.8499E-01     0
  XR      3    8.9079E-06  2.2853E-03  2.5467E-03     0
  XR      4*   2.4665E-08  2.4042E-06  6.1098E-06     0

   Electrode       Voltage       Flux      I(Electron)    I(Hole)     I(Total)  
      Name         (Volts)    (Coul/mic.)   (A/micron)   (A/micron)   (A/micron)
 --------------  -----------  -----------  -----------  -----------  -----------
 a                0.0000E+00  -6.9081E-17   1.0834E-15  -1.4666E-07  -1.4666E-07
 c                2.3235E+01   6.9154E-17   1.4666E-07  -6.1875E-12   1.4666E-07
 
 Absolute convergence criterion met for Poisson
 Absolute convergence criterion met for continuity
 Total cpu time for bias point =    0.00 minutes
 Total cpu time =    0.05 minutes
  
  Continuation method: 
 Slope: 1.565E+04      Device Resistance: 1.016E+04
   V:   23.2374     I: 3.707E-07
   R: 5.546E+05    Va: 2.344E+01
 Lte: 1.077E-01    dV: 2.275E-03    dI: 2.240E-07


 Solution for Bias:

   V(a)               =  0.0000000E+00     V(c)               =  2.3443004E+01


 norm   iter    v-error     n-error     p-error     iiter
  XR      1    3.9776E-04  7.4759E-01  9.7569E-01     0
  XR      2    1.7762E-04  2.0017E-02  1.1246E+00     0
  XR      3    3.6970E-06  3.6762E-04  4.2344E-04     0
  XR      4*   1.8994E-09  1.5697E-08  0.0000E+00     0

   Electrode       Voltage       Flux      I(Electron)    I(Hole)     I(Total)  
      Name         (Volts)    (Coul/mic.)   (A/micron)   (A/micron)   (A/micron)
 --------------  -----------  -----------  -----------  -----------  -----------
 a                0.0000E+00  -6.9081E-17   2.7639E-15  -3.7068E-07  -3.7068E-07
 c                2.3237E+01   6.9155E-17   3.7069E-07  -1.5629E-11   3.7068E-07
 
 Absolute convergence criterion met for Poisson
 Absolute convergence criterion met for continuity
 Total cpu time for bias point =    0.00 minutes
 Total cpu time =    0.05 minutes
  
  Continuation method: 
 Slope: 6.202E+03      Device Resistance: 1.015E+04
   V:   23.2429     I: 9.059E-07
   R: 5.541E+05    Va: 2.374E+01
 Lte: 1.116E-01    dV: 5.431E-03    dI: 5.352E-07


 Solution for Bias:

   V(a)               =  0.0000000E+00     V(c)               =  2.3744804E+01


 norm   iter    v-error     n-error     p-error     iiter
  XR      1    2.3638E-04  7.2281E-01  9.3357E-01     0
  XR      2    1.8339E-04  2.5296E-02  2.4904E+00     0
  XR      3    1.6554E-06  6.0097E-05  7.6416E-05     0
  XR      4*   1.9648E-10  0.0000E+00  0.0000E+00     0

   Electrode       Voltage       Flux      I(Electron)    I(Hole)     I(Total)  
      Name         (Volts)    (Coul/mic.)   (A/micron)   (A/micron)   (A/micron)
 --------------  -----------  -----------  -----------  -----------  -----------
 a                0.0000E+00  -6.9083E-17   6.9064E-15  -9.0586E-07  -9.0586E-07
 c                2.3243E+01   6.9156E-17   9.0590E-07  -3.8142E-11   9.0586E-07
 
 Absolute convergence criterion met for Poisson
 Absolute convergence criterion met for continuity
 Total cpu time for bias point =    0.00 minutes
 Total cpu time =    0.05 minutes
  
  Continuation method: 
 Slope: 2.543E+03      Device Resistance: 1.013E+04
   V:   23.2561     I: 2.214E-06
   R: 5.531E+05    Va: 2.448E+01
 Lte: 1.055E-01    dV: 1.325E-02    dI: 1.308E-06


 Solution for Bias:

   V(a)               =  0.0000000E+00     V(c)               =  2.4480310E+01


 norm   iter    v-error     n-error     p-error     iiter
  XR      1    2.1280E-04  7.1509E-01  9.1857E-01     0
  XR      2    1.8328E-04  2.8383E-02  3.5360E+00     0
  XR      3    7.2881E-07  2.2217E-04  1.1368E-04     0
  XR      4*   2.1820E-11  0.0000E+00  0.0000E+00     0

   Electrode       Voltage       Flux      I(Electron)    I(Hole)     I(Total)  
      Name         (Volts)    (Coul/mic.)   (A/micron)   (A/micron)   (A/micron)
 --------------  -----------  -----------  -----------  -----------  -----------
 a                0.0000E+00  -6.9088E-17   1.7812E-14  -2.2136E-06  -2.2136E-06
 c                2.3256E+01   6.9159E-17   2.2137E-06  -9.2884E-11   2.2136E-06
 
 Absolute convergence criterion met for Poisson
 Absolute convergence criterion met for continuity
 Total cpu time for bias point =    0.00 minutes
 Total cpu time =    0.05 minutes
  
  Continuation method: 
 Slope: 1.046E+03      Device Resistance: 1.008E+04
   V:   23.2741     I: 4.000E-06
   R: 5.505E+05    Va: 2.548E+01
 Lte: 1.035E-01    dV: 1.801E-02    dI: 1.786E-06
          38  Points             7  Failed            0  Cut.


 Solution for Bias:

   V(a)               =  0.0000000E+00     V(c)               =  2.5476188E+01


 norm   iter    v-error     n-error     p-error     iiter
  XR      1    1.4672E-04  4.5546E-01  4.6827E-01     0
  XR      2    1.4416E-04  5.2924E-03  1.3432E-01     0
  XR      3    2.0474E-07  1.7317E-06  2.6563E-06     0

   Electrode       Voltage       Flux      I(Electron)    I(Hole)     I(Total)  
      Name         (Volts)    (Coul/mic.)   (A/micron)   (A/micron)   (A/micron)
 --------------  -----------  -----------  -----------  -----------  -----------
 a                0.0000E+00  -6.9094E-17   3.4620E-14  -4.0001E-06  -4.0001E-06
 c                2.3274E+01   6.9163E-17   4.0003E-06  -1.6706E-10   4.0001E-06
 
 Absolute convergence criterion met for Poisson
 Absolute convergence criterion met for continuity
 Total cpu time for bias point =    0.00 minutes
 Total cpu time =    0.05 minutes
 the BV is 23.274 V

 Impact Ionization Analysis:
 --------------------------

 Impact Ionization Current =  4.00031E-06 amps/micron

 Generating  Maximum Rate  Electric Fld  Curr.Density    X-coord      Y-coord
  Species    (prs/cm^3/s)   (volts/cm)    (amps/cm^2)   (microns)    (microns)
 ----------  ------------  ------------  ------------  -----------  -----------
 Electrons    6.82083E+26   2.68101E+05   4.32863E+03   3.8000E+00   0.0000E+00
 Holes        1.20340E+26   5.43463E+05   1.11521E+03   3.7000E+00   0.0000E+00
 Total        7.82589E+26   2.68101E+05   5.30607E+03   3.8000E+00   0.0000E+00


 *** END MEDICI ***


 TOTAL CPU TIME =    0.05 minutes
